{"level":"error","timestamp":"2022-07-08T15:00:49.814Z"}
{"level":"error","timestamp":"2022-07-08T15:01:01.118Z"}
{"level":"error","timestamp":"2022-07-08T15:01:21.619Z"}
{"level":"error","timestamp":"2022-07-08T15:06:20.010Z"}
{"level":"error","timestamp":"2022-07-08T15:06:32.985Z"}
{"level":"error","timestamp":"2022-07-08T15:06:33.229Z"}
{"level":"error","timestamp":"2022-07-08T15:07:03.784Z"}
{"level":"error","timestamp":"2022-07-08T15:08:02.297Z"}
{"level":"error","timestamp":"2022-07-08T15:10:49.869Z"}
{"level":"error","timestamp":"2022-07-08T15:10:54.972Z"}
{"level":"error","timestamp":"2022-07-08T15:12:56.137Z"}
{"level":"error","timestamp":"2022-07-08T15:13:25.130Z"}
{"kind":"Number","message":"Cast to Number failed for value \"alt=\" (type string) at path \"id\" for model \"cartCollection\"","name":"CastError","path":"id","reason":{"actual":false,"code":"ERR_ASSERTION","expected":true,"generatedMessage":true,"operator":"=="},"stringValue":"\"alt=\"","value":"alt=","valueType":"string"}
{"level":"error","timestamp":"2022-07-08T16:24:06.506Z"}
{"kind":"Number","message":"Cast to Number failed for value \"alt=\" (type string) at path \"id\" for model \"cartCollection\"","name":"CastError","path":"id","reason":{"actual":false,"code":"ERR_ASSERTION","expected":true,"generatedMessage":true,"operator":"=="},"stringValue":"\"alt=\"","value":"alt=","valueType":"string"}
{"level":"error","timestamp":"2022-07-08T16:26:15.100Z"}
{"kind":"Number","message":"Cast to Number failed for value \"alt=\" (type string) at path \"id\" for model \"cartCollection\"","name":"CastError","path":"id","reason":{"actual":false,"code":"ERR_ASSERTION","expected":true,"generatedMessage":true,"operator":"=="},"stringValue":"\"alt=\"","value":"alt=","valueType":"string"}
{"level":"error","timestamp":"2022-07-08T16:38:12.636Z"}
{"kind":"Number","message":"Cast to Number failed for value \"alt=\" (type string) at path \"id\" for model \"cartCollection\"","name":"CastError","path":"id","reason":{"actual":false,"code":"ERR_ASSERTION","expected":true,"generatedMessage":true,"operator":"=="},"stringValue":"\"alt=\"","value":"alt=","valueType":"string"}
{"level":"error","timestamp":"2022-07-08T16:38:13.165Z"}
{"kind":"Number","message":"Cast to Number failed for value \"alt=\" (type string) at path \"id\" for model \"cartCollection\"","name":"CastError","path":"id","reason":{"actual":false,"code":"ERR_ASSERTION","expected":true,"generatedMessage":true,"operator":"=="},"stringValue":"\"alt=\"","value":"alt=","valueType":"string"}
{"level":"error","timestamp":"2022-07-08T16:46:22.449Z"}
{"kind":"Number","message":"Cast to Number failed for value \"alt=\" (type string) at path \"id\" for model \"cartCollection\"","name":"CastError","path":"id","reason":{"actual":false,"code":"ERR_ASSERTION","expected":true,"generatedMessage":true,"operator":"=="},"stringValue":"\"alt=\"","value":"alt=","valueType":"string"}
{"level":"error","timestamp":"2022-07-08T16:46:25.537Z"}
{"level":"error","timestamp":"2022-07-16T13:19:38.457Z"}
{"_message":"usuario validation failed","errors":{"direccion":{"kind":"required","message":"Path `direccion` is required.","name":"ValidatorError","path":"direccion","properties":{"message":"Path `direccion` is required.","path":"direccion","type":"required"}},"edad":{"kind":"required","message":"Path `edad` is required.","name":"ValidatorError","path":"edad","properties":{"message":"Path `edad` is required.","path":"edad","type":"required"}},"foto":{"kind":"required","message":"Path `foto` is required.","name":"ValidatorError","path":"foto","properties":{"message":"Path `foto` is required.","path":"foto","type":"required"}},"numero":{"kind":"required","message":"Path `numero` is required.","name":"ValidatorError","path":"numero","properties":{"message":"Path `numero` is required.","path":"numero","type":"required"}},"prefijo":{"kind":"required","message":"Path `prefijo` is required.","name":"ValidatorError","path":"prefijo","properties":{"message":"Path `prefijo` is required.","path":"prefijo","type":"required"}}},"level":"error","message":"usuario validation failed: direccion: Path `direccion` is required., edad: Path `edad` is required., prefijo: Path `prefijo` is required., numero: Path `numero` is required., foto: Path `foto` is required.","name":"ValidationError","timestamp":"2022-07-16T14:16:01.292Z"}
{"_message":"usuario validation failed","errors":{"direccion":{"kind":"required","message":"Path `direccion` is required.","name":"ValidatorError","path":"direccion","properties":{"message":"Path `direccion` is required.","path":"direccion","type":"required"}},"edad":{"kind":"required","message":"Path `edad` is required.","name":"ValidatorError","path":"edad","properties":{"message":"Path `edad` is required.","path":"edad","type":"required"}},"foto":{"kind":"required","message":"Path `foto` is required.","name":"ValidatorError","path":"foto","properties":{"message":"Path `foto` is required.","path":"foto","type":"required"}},"numero":{"kind":"required","message":"Path `numero` is required.","name":"ValidatorError","path":"numero","properties":{"message":"Path `numero` is required.","path":"numero","type":"required"}},"prefijo":{"kind":"required","message":"Path `prefijo` is required.","name":"ValidatorError","path":"prefijo","properties":{"message":"Path `prefijo` is required.","path":"prefijo","type":"required"}}},"level":"error","message":"usuario validation failed: direccion: Path `direccion` is required., edad: Path `edad` is required., prefijo: Path `prefijo` is required., numero: Path `numero` is required., foto: Path `foto` is required.","name":"ValidationError","timestamp":"2022-07-16T14:18:40.220Z"}
{"_message":"usuario validation failed","errors":{"direccion":{"kind":"required","message":"Path `direccion` is required.","name":"ValidatorError","path":"direccion","properties":{"message":"Path `direccion` is required.","path":"direccion","type":"required"}},"edad":{"kind":"required","message":"Path `edad` is required.","name":"ValidatorError","path":"edad","properties":{"message":"Path `edad` is required.","path":"edad","type":"required"}},"foto":{"kind":"required","message":"Path `foto` is required.","name":"ValidatorError","path":"foto","properties":{"message":"Path `foto` is required.","path":"foto","type":"required"}},"numero":{"kind":"required","message":"Path `numero` is required.","name":"ValidatorError","path":"numero","properties":{"message":"Path `numero` is required.","path":"numero","type":"required"}},"prefijo":{"kind":"required","message":"Path `prefijo` is required.","name":"ValidatorError","path":"prefijo","properties":{"message":"Path `prefijo` is required.","path":"prefijo","type":"required"}}},"level":"error","message":"usuario validation failed: direccion: Path `direccion` is required., edad: Path `edad` is required., prefijo: Path `prefijo` is required., numero: Path `numero` is required., foto: Path `foto` is required.","name":"ValidationError","timestamp":"2022-07-16T14:19:50.606Z"}
{"_message":"usuario validation failed","errors":{"direccion":{"kind":"required","message":"Path `direccion` is required.","name":"ValidatorError","path":"direccion","properties":{"message":"Path `direccion` is required.","path":"direccion","type":"required"}},"edad":{"kind":"required","message":"Path `edad` is required.","name":"ValidatorError","path":"edad","properties":{"message":"Path `edad` is required.","path":"edad","type":"required"}},"foto":{"kind":"required","message":"Path `foto` is required.","name":"ValidatorError","path":"foto","properties":{"message":"Path `foto` is required.","path":"foto","type":"required"}},"numero":{"kind":"required","message":"Path `numero` is required.","name":"ValidatorError","path":"numero","properties":{"message":"Path `numero` is required.","path":"numero","type":"required"}},"prefijo":{"kind":"required","message":"Path `prefijo` is required.","name":"ValidatorError","path":"prefijo","properties":{"message":"Path `prefijo` is required.","path":"prefijo","type":"required"}}},"level":"error","message":"usuario validation failed: direccion: Path `direccion` is required., edad: Path `edad` is required., prefijo: Path `prefijo` is required., numero: Path `numero` is required., foto: Path `foto` is required.","name":"ValidationError","timestamp":"2022-07-16T14:22:09.827Z"}
{"_message":"usuario validation failed","errors":{"direccion":{"kind":"required","message":"Path `direccion` is required.","name":"ValidatorError","path":"direccion","properties":{"message":"Path `direccion` is required.","path":"direccion","type":"required"}},"edad":{"kind":"required","message":"Path `edad` is required.","name":"ValidatorError","path":"edad","properties":{"message":"Path `edad` is required.","path":"edad","type":"required"}},"foto":{"kind":"required","message":"Path `foto` is required.","name":"ValidatorError","path":"foto","properties":{"message":"Path `foto` is required.","path":"foto","type":"required"}},"numero":{"kind":"required","message":"Path `numero` is required.","name":"ValidatorError","path":"numero","properties":{"message":"Path `numero` is required.","path":"numero","type":"required"}},"prefijo":{"kind":"required","message":"Path `prefijo` is required.","name":"ValidatorError","path":"prefijo","properties":{"message":"Path `prefijo` is required.","path":"prefijo","type":"required"}}},"level":"error","message":"usuario validation failed: direccion: Path `direccion` is required., edad: Path `edad` is required., prefijo: Path `prefijo` is required., numero: Path `numero` is required., foto: Path `foto` is required.","name":"ValidationError","timestamp":"2022-07-16T14:22:45.083Z"}
{"_message":"usuario validation failed","errors":{"direccion":{"kind":"required","message":"Path `direccion` is required.","name":"ValidatorError","path":"direccion","properties":{"message":"Path `direccion` is required.","path":"direccion","type":"required"}},"edad":{"kind":"required","message":"Path `edad` is required.","name":"ValidatorError","path":"edad","properties":{"message":"Path `edad` is required.","path":"edad","type":"required"}},"foto":{"kind":"required","message":"Path `foto` is required.","name":"ValidatorError","path":"foto","properties":{"message":"Path `foto` is required.","path":"foto","type":"required"}},"numero":{"kind":"required","message":"Path `numero` is required.","name":"ValidatorError","path":"numero","properties":{"message":"Path `numero` is required.","path":"numero","type":"required"}},"prefijo":{"kind":"required","message":"Path `prefijo` is required.","name":"ValidatorError","path":"prefijo","properties":{"message":"Path `prefijo` is required.","path":"prefijo","type":"required"}}},"level":"error","message":"usuario validation failed: direccion: Path `direccion` is required., edad: Path `edad` is required., prefijo: Path `prefijo` is required., numero: Path `numero` is required., foto: Path `foto` is required.","name":"ValidationError","timestamp":"2022-07-16T14:23:08.014Z"}
{"_message":"usuario validation failed","errors":{"foto":{"kind":"required","message":"Path `foto` is required.","name":"ValidatorError","path":"foto","properties":{"message":"Path `foto` is required.","path":"foto","type":"required"}},"numero":{"kind":"required","message":"Path `numero` is required.","name":"ValidatorError","path":"numero","properties":{"message":"Path `numero` is required.","path":"numero","type":"required"}}},"level":"error","message":"usuario validation failed: numero: Path `numero` is required., foto: Path `foto` is required.","name":"ValidationError","timestamp":"2022-07-16T14:34:09.323Z"}
{"_message":"usuario validation failed","errors":{"foto":{"kind":"string","message":"Cast to string failed for value \"{}\" (type Object) at path \"foto\"","name":"CastError","path":"foto","reason":null,"stringValue":"\"{}\"","value":{},"valueType":"Object"}},"level":"error","message":"usuario validation failed: foto: Cast to string failed for value \"{}\" (type Object) at path \"foto\"","name":"ValidationError","timestamp":"2022-07-16T14:35:16.522Z"}
{"_message":"usuario validation failed","errors":{"foto":{"kind":"string","message":"Cast to string failed for value \"{}\" (type Object) at path \"foto\"","name":"CastError","path":"foto","reason":null,"stringValue":"\"{}\"","value":{},"valueType":"Object"}},"level":"error","message":"usuario validation failed: foto: Cast to string failed for value \"{}\" (type Object) at path \"foto\"","name":"ValidationError","timestamp":"2022-07-16T14:42:25.122Z"}
{"level":"error","timestamp":"2022-07-16T15:31:37.915Z"}
{"level":"error","timestamp":"2022-07-16T15:32:05.884Z"}
{"level":"error","timestamp":"2022-07-16T15:32:36.472Z"}
{"level":"error","timestamp":"2022-07-16T15:33:08.223Z"}
{"level":"error","timestamp":"2022-07-16T15:33:47.888Z"}
{"level":"error","timestamp":"2022-07-16T15:34:00.341Z"}
{"level":"error","timestamp":"2022-07-16T15:34:24.888Z"}
{"level":"error","timestamp":"2022-07-16T15:34:34.143Z"}
{"level":"error","timestamp":"2022-07-16T15:35:06.190Z"}
{"level":"error","timestamp":"2022-07-16T15:35:24.539Z"}
{"level":"error","timestamp":"2022-07-16T15:40:30.414Z"}
{"level":"error","timestamp":"2022-07-16T15:40:52.325Z"}
{"level":"error","timestamp":"2022-07-16T15:41:12.597Z"}
{"level":"error","timestamp":"2022-07-16T15:41:40.922Z"}
{"code":"ERR_INVALID_ARG_TYPE","level":"error","timestamp":"2022-07-16T15:49:25.026Z"}
{"code":"ERR_INVALID_ARG_TYPE","level":"error","timestamp":"2022-07-16T15:49:30.250Z"}
{"code":"ERR_INVALID_ARG_TYPE","level":"error","timestamp":"2022-07-16T15:49:30.424Z"}
{"code":"ERR_INVALID_ARG_TYPE","level":"error","timestamp":"2022-07-16T15:49:30.561Z"}
{"code":"ERR_INVALID_ARG_TYPE","level":"error","timestamp":"2022-07-16T15:49:30.715Z"}
{"code":"ERR_INVALID_ARG_TYPE","level":"error","timestamp":"2022-07-16T15:49:30.930Z"}
{"code":"ERR_INVALID_ARG_TYPE","level":"error","timestamp":"2022-07-16T15:50:31.955Z"}
{"code":"ERR_INVALID_ARG_TYPE","level":"error","timestamp":"2022-07-16T15:50:32.027Z"}
{"code":"ERR_INVALID_ARG_TYPE","level":"error","timestamp":"2022-07-16T15:50:32.034Z"}
{"code":"ERR_INVALID_ARG_TYPE","level":"error","timestamp":"2022-07-16T15:50:32.061Z"}
{"code":"ERR_INVALID_ARG_TYPE","level":"error","timestamp":"2022-07-16T15:50:32.362Z"}
{"kind":"Number","message":"Cast to Number failed for value \"alt=\" (type string) at path \"id\" for model \"cartCollection\"","name":"CastError","path":"id","reason":{"actual":false,"code":"ERR_ASSERTION","expected":true,"generatedMessage":true,"operator":"=="},"stringValue":"\"alt=\"","value":"alt=","valueType":"string"}
{"level":"error","timestamp":"2022-07-17T14:04:54.127Z"}
{"level":"error","timestamp":"2022-07-17T14:06:19.624Z"}
{"level":"error","timestamp":"2022-07-17T14:06:22.475Z"}
{"level":"error","timestamp":"2022-07-17T14:06:53.693Z"}
{"level":"error","timestamp":"2022-07-17T14:07:02.845Z"}
{"level":"error","timestamp":"2022-07-17T14:07:05.687Z"}
{"level":"error","timestamp":"2022-07-17T14:07:07.450Z"}
{"level":"error","timestamp":"2022-07-17T14:07:07.995Z"}
{"level":"error","timestamp":"2022-07-17T14:07:08.207Z"}
{"level":"error","timestamp":"2022-07-17T14:07:08.381Z"}
{"level":"error","timestamp":"2022-07-17T15:12:20.770Z"}
{"level":"error","timestamp":"2022-07-17T15:13:30.056Z"}
{"level":"error","timestamp":"2022-07-17T15:13:48.441Z"}
{"level":"error","timestamp":"2022-07-17T15:14:05.138Z"}
{"level":"error","timestamp":"2022-07-18T17:22:22.962Z"}
{"level":"error","timestamp":"2022-07-18T17:34:41.102Z"}
{"level":"error","timestamp":"2022-07-18T17:34:41.102Z"}
{"level":"error","timestamp":"2022-07-18T17:35:46.681Z"}
{"level":"error","timestamp":"2022-07-18T17:35:46.682Z"}
{"level":"error","timestamp":"2022-07-18T17:36:01.012Z"}
{"level":"error","timestamp":"2022-07-18T17:36:01.013Z"}
{"level":"error","timestamp":"2022-07-18T17:36:34.070Z"}
{"level":"error","timestamp":"2022-07-18T17:36:34.070Z"}
{"level":"error","timestamp":"2022-07-18T17:37:17.819Z"}
{"level":"error","timestamp":"2022-07-18T17:37:17.820Z"}
{"level":"error","timestamp":"2022-07-18T17:37:17.824Z"}
{"level":"error","timestamp":"2022-07-18T17:37:17.825Z"}
{"level":"error","timestamp":"2022-07-18T17:37:41.818Z"}
{"level":"error","timestamp":"2022-07-18T17:37:41.819Z"}
{"level":"error","timestamp":"2022-07-18T17:38:33.683Z"}
{"level":"error","timestamp":"2022-07-18T17:38:33.684Z"}
{"level":"error","timestamp":"2022-07-18T17:43:10.353Z"}
{"level":"error","timestamp":"2022-07-18T17:43:48.396Z"}
{"level":"error","timestamp":"2022-07-18T17:44:09.366Z"}
