{"level":"warn","message":"GET request for '/favicon.ico'","timestamp":"2022-07-05T22:23:10.010Z"}
{"level":"warn","message":"GET request for '/favicon.ico'","timestamp":"2022-07-05T22:23:18.539Z"}
{"level":"warn","message":"GET request for '/favicon.ico'","timestamp":"2022-07-05T22:29:43.561Z"}
{"level":"warn","message":"GET request for '/favicon.ico'","timestamp":"2022-07-05T22:29:47.155Z"}
{"level":"warn","message":"GET request for '/favicon.ico'","timestamp":"2022-07-05T22:30:02.891Z"}
{"level":"warn","message":"GET request for '/favicon.ico'","timestamp":"2022-07-05T22:30:18.901Z"}
{"level":"warn","message":"GET request for '/favicon.ico'","timestamp":"2022-07-05T22:31:31.144Z"}
{"level":"warn","message":"GET request for '/favicon.ico'","timestamp":"2022-07-05T22:31:32.679Z"}
{"level":"warn","message":"GET request for '/favicon.ico'","timestamp":"2022-07-05T22:32:01.720Z"}
{"level":"warn","message":"GET request for '/favicon.ico'","timestamp":"2022-07-05T22:32:29.899Z"}
{"level":"warn","message":"GET request for '/favicon.ico'","timestamp":"2022-07-05T22:33:14.182Z"}
{"level":"warn","message":"GET request for '/favicon.ico'","timestamp":"2022-07-05T22:33:31.724Z"}
{"level":"warn","message":"GET request for '/favicon.ico'","timestamp":"2022-07-05T22:33:43.910Z"}
{"level":"warn","message":"GET request for '/favicon.ico'","timestamp":"2022-07-05T22:34:01.018Z"}
{"level":"warn","message":"GET request for '/favicon.ico'","timestamp":"2022-07-05T22:38:15.684Z"}
{"level":"warn","message":"POST request for '/api/carts'","timestamp":"2022-07-05T22:38:18.833Z"}
{"level":"warn","message":"GET request for '/api/products/1'","timestamp":"2022-07-05T22:38:19.504Z"}
{"level":"warn","message":"GET request for '/favicon.ico'","timestamp":"2022-07-05T22:39:05.130Z"}
{"level":"warn","message":"GET request for '/favicon.ico'","timestamp":"2022-07-05T22:39:27.445Z"}
{"level":"warn","message":"GET request for '/favicon.ico'","timestamp":"2022-07-05T22:40:06.154Z"}
{"level":"warn","message":"GET request for '/favicon.ico'","timestamp":"2022-07-05T22:40:20.349Z"}
{"level":"warn","message":"GET request for '/api/randoms?cant=100'","timestamp":"2022-07-05T22:43:23.751Z"}
{"level":"warn","message":"GET request for '/favicon.ico'","timestamp":"2022-07-05T22:43:24.625Z"}
{"level":"warn","message":"GET request for '/api/products/'","timestamp":"2022-07-05T22:50:24.842Z"}
{"level":"warn","message":"GET request for '/favicon.ico'","timestamp":"2022-07-05T22:50:25.309Z"}
{"level":"warn","message":"GET request for '/api/products/'","timestamp":"2022-07-05T22:51:56.910Z"}
{"level":"warn","message":"GET request for '/favicon.ico'","timestamp":"2022-07-05T22:51:58.140Z"}
{"level":"warn","message":"GET request for '/api/products/'","timestamp":"2022-07-05T22:52:27.868Z"}
{"level":"warn","message":"GET request for '/favicon.ico'","timestamp":"2022-07-05T22:52:28.553Z"}
{"level":"warn","message":"GET request for '/api/products/'","timestamp":"2022-07-05T22:53:05.282Z"}
{"level":"warn","message":"GET request for '/favicon.ico'","timestamp":"2022-07-05T22:53:06.686Z"}
{"level":"warn","message":"GET request for '/favicon.ico'","timestamp":"2022-07-05T23:00:24.876Z"}
{"level":"warn","message":"GET request for '/favicon.ico'","timestamp":"2022-07-05T23:00:30.547Z"}
{"level":"warn","message":"GET request for '/favicon.ico'","timestamp":"2022-07-05T23:01:12.379Z"}
{"level":"warn","message":"GET request for '/favicon.ico'","timestamp":"2022-07-05T23:01:36.785Z"}
{"level":"warn","message":"GET request for '/favicon.ico'","timestamp":"2022-07-05T23:03:01.093Z"}
{"level":"warn","message":"GET request for '/favicon.ico'","timestamp":"2022-07-05T23:04:18.641Z"}
{"level":"warn","message":"GET request for '/favicon.ico'","timestamp":"2022-07-05T23:05:44.129Z"}
{"level":"warn","message":"GET request for '/favicon.ico'","timestamp":"2022-07-05T23:05:47.501Z"}
{"level":"warn","message":"GET request for '/favicon.ico'","timestamp":"2022-07-05T23:09:46.622Z"}
{"level":"warn","message":"GET request for '/favicon.ico'","timestamp":"2022-07-08T13:44:38.450Z"}
{"level":"warn","message":"GET request for '/favicon.ico'","timestamp":"2022-07-08T13:44:43.523Z"}
{"level":"warn","message":"GET request for '/favicon.ico'","timestamp":"2022-07-08T13:44:53.965Z"}
{"level":"warn","message":"GET request for '/favicon.ico'","timestamp":"2022-07-08T13:44:55.353Z"}
{"level":"warn","message":"GET request for '/favicon.ico'","timestamp":"2022-07-08T13:54:49.913Z"}
{"level":"warn","message":"GET request for '/favicon.ico'","timestamp":"2022-07-08T13:56:33.391Z"}
{"level":"warn","message":"GET request for '/favicon.ico'","timestamp":"2022-07-08T13:59:07.445Z"}
{"level":"warn","message":"GET request for '/favicon.ico'","timestamp":"2022-07-08T13:59:09.960Z"}
{"level":"warn","message":"GET request for '/favicon.ico'","timestamp":"2022-07-08T13:59:14.038Z"}
{"level":"warn","message":"GET request for '/favicon.ico'","timestamp":"2022-07-08T13:59:27.872Z"}
{"level":"warn","message":"GET request for '/favicon.ico'","timestamp":"2022-07-08T14:33:38.330Z"}
{"level":"warn","message":"GET request for '/favicon.ico'","timestamp":"2022-07-08T14:33:39.993Z"}
{"level":"warn","message":"GET request for '/favicon.ico'","timestamp":"2022-07-08T14:33:45.156Z"}
{"level":"warn","message":"GET request for '/favicon.ico'","timestamp":"2022-07-08T14:35:17.966Z"}
{"level":"warn","message":"GET request for '/favicon.ico'","timestamp":"2022-07-08T14:41:47.201Z"}
{"level":"warn","message":"GET request for '/favicon.ico'","timestamp":"2022-07-08T14:42:17.854Z"}
{"level":"warn","message":"GET request for '/favicon.ico'","timestamp":"2022-07-08T14:42:52.164Z"}
{"level":"warn","message":"GET request for '/favicon.ico'","timestamp":"2022-07-08T14:43:30.097Z"}
{"level":"warn","message":"GET request for '/favicon.ico'","timestamp":"2022-07-08T14:57:54.986Z"}
{"level":"warn","message":"GET request for '/favicon.ico'","timestamp":"2022-07-08T14:57:56.884Z"}
{"level":"warn","message":"GET request for '/favicon.ico'","timestamp":"2022-07-08T14:58:01.411Z"}
{"level":"warn","message":"GET request for '/favicon.ico'","timestamp":"2022-07-08T14:58:26.439Z"}
{"level":"warn","message":"GET request for '/favicon.ico'","timestamp":"2022-07-08T14:58:42.287Z"}
{"level":"warn","message":"GET request for '/favicon.ico'","timestamp":"2022-07-08T14:58:43.250Z"}
{"level":"warn","message":"GET request for '/carts/35'","timestamp":"2022-07-08T14:58:45.037Z"}
{"level":"warn","message":"GET request for '/favicon.ico'","timestamp":"2022-07-08T14:58:45.181Z"}
{"level":"warn","message":"GET request for '/favicon.ico'","timestamp":"2022-07-08T14:58:52.359Z"}
{"level":"warn","message":"GET request for '/carts/35'","timestamp":"2022-07-08T14:58:55.786Z"}
{"level":"warn","message":"GET request for '/favicon.ico'","timestamp":"2022-07-08T14:58:55.983Z"}
{"level":"warn","message":"GET request for '/favicon.ico'","timestamp":"2022-07-08T14:58:56.950Z"}
{"level":"warn","message":"GET request for '/favicon.ico'","timestamp":"2022-07-08T15:00:32.499Z"}
{"level":"warn","message":"GET request for '/carts/36'","timestamp":"2022-07-08T15:00:34.597Z"}
{"level":"warn","message":"GET request for '/favicon.ico'","timestamp":"2022-07-08T15:00:34.761Z"}
{"level":"warn","message":"GET request for '/carts/36'","timestamp":"2022-07-08T15:00:46.835Z"}
{"level":"warn","message":"GET request for '/favicon.ico'","timestamp":"2022-07-08T15:00:47.039Z"}
{"level":"warn","message":"GET request for '/carts/36'","timestamp":"2022-07-08T15:01:18.367Z"}
{"level":"warn","message":"GET request for '/favicon.ico'","timestamp":"2022-07-08T15:01:18.603Z"}
{"level":"warn","message":"GET request for '/carts/36'","timestamp":"2022-07-08T15:02:00.120Z"}
{"level":"warn","message":"GET request for '/favicon.ico'","timestamp":"2022-07-08T15:02:00.317Z"}
{"level":"warn","message":"GET request for '/favicon.ico'","timestamp":"2022-07-08T15:02:02.213Z"}
{"level":"warn","message":"GET request for '/favicon.ico'","timestamp":"2022-07-08T15:02:17.417Z"}
{"level":"warn","message":"GET request for '/favicon.ico'","timestamp":"2022-07-08T15:02:32.454Z"}
{"level":"warn","message":"GET request for '/js/cart.js'","timestamp":"2022-07-08T15:03:30.471Z"}
{"level":"warn","message":"GET request for '/cart/css/style.css'","timestamp":"2022-07-08T15:03:30.474Z"}
{"level":"warn","message":"GET request for '/favicon.ico'","timestamp":"2022-07-08T15:03:30.617Z"}
{"level":"warn","message":"GET request for '/favicon.ico'","timestamp":"2022-07-08T15:13:49.372Z"}
{"level":"warn","message":"GET request for '/favicon.ico'","timestamp":"2022-07-08T15:13:57.890Z"}
{"level":"warn","message":"GET request for '/favicon.ico'","timestamp":"2022-07-08T15:14:07.317Z"}
{"level":"warn","message":"GET request for '/js/cart.js'","timestamp":"2022-07-08T15:14:10.113Z"}
{"level":"warn","message":"GET request for '/cart/css/style.css'","timestamp":"2022-07-08T15:14:10.952Z"}
{"level":"warn","message":"GET request for '/favicon.ico'","timestamp":"2022-07-08T15:14:11.083Z"}
{"level":"warn","message":"GET request for '/cart/css/style.css'","timestamp":"2022-07-08T15:14:25.217Z"}
{"level":"warn","message":"GET request for '/js/cart.js'","timestamp":"2022-07-08T15:14:25.547Z"}
{"level":"warn","message":"GET request for '/favicon.ico'","timestamp":"2022-07-08T15:14:25.710Z"}
{"level":"warn","message":"GET request for '/cart/css/style.css'","timestamp":"2022-07-08T15:15:58.533Z"}
{"level":"warn","message":"GET request for '/js/cart.js'","timestamp":"2022-07-08T15:15:58.816Z"}
{"level":"warn","message":"GET request for '/favicon.ico'","timestamp":"2022-07-08T15:15:58.957Z"}
{"level":"warn","message":"GET request for '/favicon.ico'","timestamp":"2022-07-08T15:16:13.870Z"}
{"level":"warn","message":"GET request for '/cart/css/style.css'","timestamp":"2022-07-08T15:16:19.399Z"}
{"level":"warn","message":"GET request for '/cart/css/style.css'","timestamp":"2022-07-08T15:16:20.234Z"}
{"level":"warn","message":"GET request for '/js/cart.js'","timestamp":"2022-07-08T15:16:20.236Z"}
{"level":"warn","message":"GET request for '/favicon.ico'","timestamp":"2022-07-08T15:16:20.436Z"}
{"level":"warn","message":"GET request for '/favicon.ico'","timestamp":"2022-07-08T16:13:28.860Z"}
{"level":"warn","message":"GET request for '/favicon.ico'","timestamp":"2022-07-08T16:13:34.505Z"}
{"level":"warn","message":"GET request for '/cart/css/style.css'","timestamp":"2022-07-08T16:13:38.170Z"}
{"level":"warn","message":"GET request for '/js/cart.js'","timestamp":"2022-07-08T16:13:38.447Z"}
{"level":"warn","message":"GET request for '/favicon.ico'","timestamp":"2022-07-08T16:13:38.563Z"}
{"level":"warn","message":"GET request for '/favicon.ico'","timestamp":"2022-07-08T16:13:43.690Z"}
{"level":"warn","message":"GET request for '/cart/css/style.css'","timestamp":"2022-07-08T16:13:49.753Z"}
{"level":"warn","message":"GET request for '/js/cart.js'","timestamp":"2022-07-08T16:13:49.756Z"}
{"level":"warn","message":"GET request for '/favicon.ico'","timestamp":"2022-07-08T16:13:49.888Z"}
{"level":"warn","message":"GET request for '/js/cart.js'","timestamp":"2022-07-08T16:13:54.128Z"}
{"level":"warn","message":"GET request for '/cart/css/style.css'","timestamp":"2022-07-08T16:13:54.131Z"}
{"level":"warn","message":"GET request for '/favicon.ico'","timestamp":"2022-07-08T16:13:54.302Z"}
{"level":"warn","message":"GET request for '/cart/css/style.css'","timestamp":"2022-07-08T16:14:22.317Z"}
{"level":"warn","message":"GET request for '/js/cart.js'","timestamp":"2022-07-08T16:14:22.599Z"}
{"level":"warn","message":"GET request for '/favicon.ico'","timestamp":"2022-07-08T16:14:22.878Z"}
{"level":"warn","message":"GET request for '/cart/css/style.css'","timestamp":"2022-07-08T16:14:45.850Z"}
{"level":"warn","message":"GET request for '/js/cart.js'","timestamp":"2022-07-08T16:14:46.173Z"}
{"level":"warn","message":"GET request for '/favicon.ico'","timestamp":"2022-07-08T16:14:46.313Z"}
{"level":"warn","message":"GET request for '/cart/css/style.css'","timestamp":"2022-07-08T16:17:03.844Z"}
{"level":"warn","message":"GET request for '/js/cart.js'","timestamp":"2022-07-08T16:17:04.304Z"}
{"level":"warn","message":"GET request for '/favicon.ico'","timestamp":"2022-07-08T16:17:04.430Z"}
{"level":"warn","message":"GET request for '/cart/css/style.css'","timestamp":"2022-07-08T16:17:36.319Z"}
{"level":"warn","message":"GET request for '/js/cart.js'","timestamp":"2022-07-08T16:17:36.610Z"}
{"level":"warn","message":"GET request for '/favicon.ico'","timestamp":"2022-07-08T16:17:36.737Z"}
{"level":"warn","message":"GET request for '/cart/css/style.css'","timestamp":"2022-07-08T16:18:17.624Z"}
{"level":"warn","message":"GET request for '/js/cart.js'","timestamp":"2022-07-08T16:18:17.899Z"}
{"level":"warn","message":"GET request for '/favicon.ico'","timestamp":"2022-07-08T16:18:18.056Z"}
{"level":"warn","message":"GET request for '/cart/css/style.css'","timestamp":"2022-07-08T16:18:40.663Z"}
{"level":"warn","message":"GET request for '/js/cart.js'","timestamp":"2022-07-08T16:18:40.954Z"}
{"level":"warn","message":"GET request for '/favicon.ico'","timestamp":"2022-07-08T16:18:41.081Z"}
{"level":"warn","message":"GET request for '/cart/css/style.css'","timestamp":"2022-07-08T16:18:56.963Z"}
{"level":"warn","message":"GET request for '/js/cart.js'","timestamp":"2022-07-08T16:18:57.252Z"}
{"level":"warn","message":"GET request for '/favicon.ico'","timestamp":"2022-07-08T16:18:57.500Z"}
{"level":"warn","message":"GET request for '/cart/css/style.css'","timestamp":"2022-07-08T16:20:18.021Z"}
{"level":"warn","message":"GET request for '/js/cart.js'","timestamp":"2022-07-08T16:20:18.299Z"}
{"level":"warn","message":"GET request for '/favicon.ico'","timestamp":"2022-07-08T16:20:18.417Z"}
{"level":"warn","message":"GET request for '/cart/css/style.css'","timestamp":"2022-07-08T16:20:33.705Z"}
{"level":"warn","message":"GET request for '/js/cart.js'","timestamp":"2022-07-08T16:20:34.022Z"}
{"level":"warn","message":"GET request for '/favicon.ico'","timestamp":"2022-07-08T16:20:34.181Z"}
{"level":"warn","message":"GET request for '/cart/css/style.css'","timestamp":"2022-07-08T16:20:52.630Z"}
{"level":"warn","message":"GET request for '/js/cart.js'","timestamp":"2022-07-08T16:20:53.074Z"}
{"level":"warn","message":"GET request for '/favicon.ico'","timestamp":"2022-07-08T16:20:53.246Z"}
{"level":"warn","message":"GET request for '/cart/css/style.css'","timestamp":"2022-07-08T16:22:01.301Z"}
{"level":"warn","message":"GET request for '/js/cart.js'","timestamp":"2022-07-08T16:22:01.581Z"}
{"level":"warn","message":"GET request for '/favicon.ico'","timestamp":"2022-07-08T16:22:01.724Z"}
{"level":"warn","message":"GET request for '/favicon.ico'","timestamp":"2022-07-08T16:22:08.002Z"}
{"level":"warn","message":"GET request for '/js/cart.js'","timestamp":"2022-07-08T16:22:17.955Z"}
{"level":"warn","message":"GET request for '/cart/css/style.css'","timestamp":"2022-07-08T16:22:18.225Z"}
{"level":"warn","message":"GET request for '/favicon.ico'","timestamp":"2022-07-08T16:22:18.475Z"}
{"level":"warn","message":"GET request for '/js/cart.js'","timestamp":"2022-07-08T16:24:06.217Z"}
{"level":"warn","message":"GET request for '/cart/css/style.css'","timestamp":"2022-07-08T16:24:06.480Z"}
{"level":"warn","message":"GET request for '/cart/css/style.css'","timestamp":"2022-07-08T16:24:36.279Z"}
{"level":"warn","message":"GET request for '/js/cart.js'","timestamp":"2022-07-08T16:24:36.300Z"}
{"level":"warn","message":"GET request for '/favicon.ico'","timestamp":"2022-07-08T16:24:37.379Z"}
{"level":"warn","message":"GET request for '/cart/css/style.css'","timestamp":"2022-07-08T16:24:48.830Z"}
{"level":"warn","message":"GET request for '/js/cart.js'","timestamp":"2022-07-08T16:24:48.860Z"}
{"level":"warn","message":"GET request for '/favicon.ico'","timestamp":"2022-07-08T16:24:49.440Z"}
{"level":"warn","message":"GET request for '/cart/css/style.css'","timestamp":"2022-07-08T16:25:11.986Z"}
{"level":"warn","message":"GET request for '/js/cart.js'","timestamp":"2022-07-08T16:25:12.010Z"}
{"level":"warn","message":"GET request for '/favicon.ico'","timestamp":"2022-07-08T16:25:13.096Z"}
{"level":"warn","message":"GET request for '/cart/css/style.css'","timestamp":"2022-07-08T16:25:31.429Z"}
{"level":"warn","message":"GET request for '/js/cart.js'","timestamp":"2022-07-08T16:25:31.452Z"}
{"level":"warn","message":"GET request for '/favicon.ico'","timestamp":"2022-07-08T16:25:32.208Z"}
{"level":"warn","message":"GET request for '/cart/css/style.css'","timestamp":"2022-07-08T16:26:00.461Z"}
{"level":"warn","message":"GET request for '/js/cart.js'","timestamp":"2022-07-08T16:26:00.480Z"}
{"level":"warn","message":"GET request for '/js/logout.js'","timestamp":"2022-07-08T16:26:01.431Z"}
{"level":"warn","message":"GET request for '/favicon.ico'","timestamp":"2022-07-08T16:26:01.497Z"}
{"level":"warn","message":"GET request for '/favicon.ico'","timestamp":"2022-07-08T16:26:02.389Z"}
{"level":"warn","message":"GET request for '/favicon.ico'","timestamp":"2022-07-08T16:26:12.164Z"}
{"level":"warn","message":"GET request for '/cart/css/style.css'","timestamp":"2022-07-08T16:26:15.087Z"}
{"level":"warn","message":"GET request for '/js/cart.js'","timestamp":"2022-07-08T16:26:15.962Z"}
{"level":"warn","message":"GET request for '/favicon.ico'","timestamp":"2022-07-08T16:26:21.198Z"}
{"level":"warn","message":"GET request for '/favicon.ico'","timestamp":"2022-07-08T16:26:45.095Z"}
{"level":"warn","message":"GET request for '/favicon.ico'","timestamp":"2022-07-08T16:26:48.841Z"}
{"level":"warn","message":"GET request for '/favicon.ico'","timestamp":"2022-07-08T16:26:51.910Z"}
{"level":"warn","message":"GET request for '/cart/css/style.css'","timestamp":"2022-07-08T16:26:54.602Z"}
{"level":"warn","message":"GET request for '/js/cart.js'","timestamp":"2022-07-08T16:26:54.926Z"}
{"level":"warn","message":"GET request for '/favicon.ico'","timestamp":"2022-07-08T16:26:55.573Z"}
{"level":"warn","message":"GET request for '/favicon.ico'","timestamp":"2022-07-08T16:27:07.702Z"}
{"level":"warn","message":"GET request for '/cart/css/style.css'","timestamp":"2022-07-08T16:27:17.061Z"}
{"level":"warn","message":"GET request for '/js/cart.js'","timestamp":"2022-07-08T16:27:17.076Z"}
{"level":"warn","message":"GET request for '/favicon.ico'","timestamp":"2022-07-08T16:27:17.727Z"}
{"level":"warn","message":"GET request for '/cart/css/style.css'","timestamp":"2022-07-08T16:27:19.174Z"}
{"level":"warn","message":"GET request for '/js/cart.js'","timestamp":"2022-07-08T16:27:19.183Z"}
{"level":"warn","message":"GET request for '/favicon.ico'","timestamp":"2022-07-08T16:27:20.071Z"}
{"level":"warn","message":"GET request for '/cart/css/style.css'","timestamp":"2022-07-08T16:27:21.044Z"}
{"level":"warn","message":"GET request for '/js/cart.js'","timestamp":"2022-07-08T16:27:21.065Z"}
{"level":"warn","message":"GET request for '/favicon.ico'","timestamp":"2022-07-08T16:27:21.556Z"}
{"level":"warn","message":"GET request for '/favicon.ico'","timestamp":"2022-07-08T16:27:33.016Z"}
{"level":"warn","message":"GET request for '/cart/css/style.css'","timestamp":"2022-07-08T16:28:38.180Z"}
{"level":"warn","message":"GET request for '/favicon.ico'","timestamp":"2022-07-08T16:28:40.181Z"}
{"level":"warn","message":"GET request for '/cart/css/style.css'","timestamp":"2022-07-08T16:34:16.673Z"}
{"level":"warn","message":"GET request for '/favicon.ico'","timestamp":"2022-07-08T16:34:18.010Z"}
{"level":"warn","message":"GET request for '/cart/css/style.css'","timestamp":"2022-07-08T16:34:30.315Z"}
{"level":"warn","message":"GET request for '/favicon.ico'","timestamp":"2022-07-08T16:34:32.145Z"}
{"level":"warn","message":"GET request for '/cart/css/style.css'","timestamp":"2022-07-08T16:35:54.891Z"}
{"level":"warn","message":"GET request for '/favicon.ico'","timestamp":"2022-07-08T16:35:57.293Z"}
{"level":"warn","message":"GET request for '/cart/css/style.css'","timestamp":"2022-07-08T16:36:23.453Z"}
{"level":"warn","message":"GET request for '/favicon.ico'","timestamp":"2022-07-08T16:36:24.820Z"}
{"level":"warn","message":"GET request for '/cart/css/style.css'","timestamp":"2022-07-08T16:36:51.773Z"}
{"level":"warn","message":"GET request for '/favicon.ico'","timestamp":"2022-07-08T16:36:53.775Z"}
{"level":"warn","message":"GET request for '/cart/css/style.css'","timestamp":"2022-07-08T16:37:05.294Z"}
{"level":"warn","message":"GET request for '/favicon.ico'","timestamp":"2022-07-08T16:37:07.750Z"}
{"level":"warn","message":"GET request for '/cart/css/style.css'","timestamp":"2022-07-08T16:37:12.625Z"}
{"level":"warn","message":"GET request for '/favicon.ico'","timestamp":"2022-07-08T16:37:13.765Z"}
{"level":"warn","message":"GET request for '/cart/css/style.css'","timestamp":"2022-07-08T16:37:23.044Z"}
{"level":"warn","message":"GET request for '/favicon.ico'","timestamp":"2022-07-08T16:37:23.753Z"}
{"level":"warn","message":"GET request for '/cart/css/style.css'","timestamp":"2022-07-08T16:37:31.216Z"}
{"level":"warn","message":"GET request for '/favicon.ico'","timestamp":"2022-07-08T16:37:33.635Z"}
{"level":"warn","message":"GET request for '/cart/css/style.css'","timestamp":"2022-07-08T16:37:35.075Z"}
{"level":"warn","message":"GET request for '/favicon.ico'","timestamp":"2022-07-08T16:37:35.742Z"}
{"level":"warn","message":"GET request for '/cart/css/style.css'","timestamp":"2022-07-08T16:37:45.256Z"}
{"level":"warn","message":"GET request for '/favicon.ico'","timestamp":"2022-07-08T16:37:46.745Z"}
{"level":"warn","message":"GET request for '/cart/css/style.css'","timestamp":"2022-07-08T16:37:49.297Z"}
{"level":"warn","message":"GET request for '/favicon.ico'","timestamp":"2022-07-08T16:37:50.126Z"}
{"level":"warn","message":"GET request for '/cart/css/style.css'","timestamp":"2022-07-08T16:37:54.845Z"}
{"level":"warn","message":"GET request for '/favicon.ico'","timestamp":"2022-07-08T16:37:55.563Z"}
{"level":"warn","message":"GET request for '/cart/css/style.css'","timestamp":"2022-07-08T16:37:57.656Z"}
{"level":"warn","message":"GET request for '/favicon.ico'","timestamp":"2022-07-08T16:37:57.780Z"}
{"level":"warn","message":"GET request for '/favicon.ico'","timestamp":"2022-07-08T16:38:01.938Z"}
{"level":"warn","message":"GET request for '/cart/css/style.css'","timestamp":"2022-07-08T16:38:12.270Z"}
{"level":"warn","message":"GET request for '/cart/css/style.css'","timestamp":"2022-07-08T16:38:13.137Z"}
{"level":"warn","message":"GET request for '/cart/css/style.css'","timestamp":"2022-07-08T16:46:22.443Z"}
{"level":"warn","message":"DELETE request for '/api/carts/41/products/'","timestamp":"2022-07-08T16:46:24.738Z"}
{"level":"warn","message":"GET request for '/cart/css/style.css'","timestamp":"2022-07-08T16:46:25.510Z"}
{"level":"warn","message":"GET request for '/favicon.ico'","timestamp":"2022-07-15T19:23:18.225Z"}
{"level":"warn","message":"GET request for '/favicon.ico'","timestamp":"2022-07-16T13:19:26.944Z"}
{"level":"warn","message":"GET request for '/favicon.ico'","timestamp":"2022-07-16T13:19:28.353Z"}
{"level":"warn","message":"GET request for '/favicon.ico'","timestamp":"2022-07-16T13:19:40.954Z"}
{"level":"warn","message":"GET request for '/js/logout.js'","timestamp":"2022-07-16T13:24:44.309Z"}
{"level":"warn","message":"GET request for '/favicon.ico'","timestamp":"2022-07-16T13:24:44.378Z"}
{"level":"warn","message":"GET request for '/favicon.ico'","timestamp":"2022-07-16T13:24:46.450Z"}
{"level":"warn","message":"GET request for '/favicon.ico'","timestamp":"2022-07-16T13:24:47.352Z"}
{"level":"warn","message":"GET request for '/favicon.ico'","timestamp":"2022-07-16T13:25:02.821Z"}
{"level":"warn","message":"GET request for '/js/logout.js'","timestamp":"2022-07-16T14:15:35.887Z"}
{"level":"warn","message":"GET request for '/favicon.ico'","timestamp":"2022-07-16T14:15:35.931Z"}
{"level":"warn","message":"GET request for '/favicon.ico'","timestamp":"2022-07-16T14:15:36.751Z"}
{"level":"warn","message":"GET request for '/favicon.ico'","timestamp":"2022-07-16T14:15:37.773Z"}
{"level":"warn","message":"GET request for '/favicon.ico'","timestamp":"2022-07-16T14:16:03.143Z"}
{"level":"warn","message":"GET request for '/favicon.ico'","timestamp":"2022-07-16T14:18:21.397Z"}
{"level":"warn","message":"GET request for '/js/logout.js'","timestamp":"2022-07-16T14:18:24.677Z"}
{"level":"warn","message":"GET request for '/favicon.ico'","timestamp":"2022-07-16T14:18:24.733Z"}
{"level":"warn","message":"GET request for '/favicon.ico'","timestamp":"2022-07-16T14:18:25.336Z"}
{"level":"warn","message":"GET request for '/favicon.ico'","timestamp":"2022-07-16T14:18:26.279Z"}
{"level":"warn","message":"GET request for '/favicon.ico'","timestamp":"2022-07-16T14:18:30.506Z"}
{"level":"warn","message":"GET request for '/favicon.ico'","timestamp":"2022-07-16T14:18:35.133Z"}
{"level":"warn","message":"GET request for '/favicon.ico'","timestamp":"2022-07-16T14:18:42.511Z"}
{"level":"warn","message":"GET request for '/favicon.ico'","timestamp":"2022-07-16T14:18:57.779Z"}
{"level":"warn","message":"GET request for '/favicon.ico'","timestamp":"2022-07-16T14:18:59.643Z"}
{"level":"warn","message":"GET request for '/js/logout.js'","timestamp":"2022-07-16T14:19:32.704Z"}
{"level":"warn","message":"GET request for '/favicon.ico'","timestamp":"2022-07-16T14:19:32.764Z"}
{"level":"warn","message":"GET request for '/favicon.ico'","timestamp":"2022-07-16T14:19:33.794Z"}
{"level":"warn","message":"GET request for '/favicon.ico'","timestamp":"2022-07-16T14:19:34.990Z"}
{"level":"warn","message":"GET request for '/favicon.ico'","timestamp":"2022-07-16T14:19:52.876Z"}
{"level":"warn","message":"GET request for '/js/logout.js'","timestamp":"2022-07-16T14:21:57.095Z"}
{"level":"warn","message":"GET request for '/favicon.ico'","timestamp":"2022-07-16T14:21:57.156Z"}
{"level":"warn","message":"GET request for '/favicon.ico'","timestamp":"2022-07-16T14:21:57.797Z"}
{"level":"warn","message":"GET request for '/favicon.ico'","timestamp":"2022-07-16T14:21:58.533Z"}
{"level":"warn","message":"GET request for '/favicon.ico'","timestamp":"2022-07-16T14:22:11.433Z"}
{"level":"warn","message":"GET request for '/favicon.ico'","timestamp":"2022-07-16T14:22:31.584Z"}
{"level":"warn","message":"GET request for '/js/logout.js'","timestamp":"2022-07-16T14:22:33.180Z"}
{"level":"warn","message":"GET request for '/favicon.ico'","timestamp":"2022-07-16T14:22:33.241Z"}
{"level":"warn","message":"GET request for '/favicon.ico'","timestamp":"2022-07-16T14:22:34.291Z"}
{"level":"warn","message":"GET request for '/favicon.ico'","timestamp":"2022-07-16T14:22:35.311Z"}
{"level":"warn","message":"GET request for '/favicon.ico'","timestamp":"2022-07-16T14:22:47.424Z"}
{"level":"warn","message":"GET request for '/js/logout.js'","timestamp":"2022-07-16T14:22:59.922Z"}
{"level":"warn","message":"GET request for '/favicon.ico'","timestamp":"2022-07-16T14:22:59.983Z"}
{"level":"warn","message":"GET request for '/favicon.ico'","timestamp":"2022-07-16T14:23:00.526Z"}
{"level":"warn","message":"GET request for '/favicon.ico'","timestamp":"2022-07-16T14:23:01.272Z"}
{"level":"warn","message":"GET request for '/favicon.ico'","timestamp":"2022-07-16T14:23:09.839Z"}
{"level":"warn","message":"GET request for '/js/logout.js'","timestamp":"2022-07-16T14:28:12.839Z"}
{"level":"warn","message":"GET request for '/favicon.ico'","timestamp":"2022-07-16T14:28:12.901Z"}
{"level":"warn","message":"GET request for '/favicon.ico'","timestamp":"2022-07-16T14:28:13.403Z"}
{"level":"warn","message":"GET request for '/favicon.ico'","timestamp":"2022-07-16T14:28:14.273Z"}
{"level":"warn","message":"GET request for '/favicon.ico'","timestamp":"2022-07-16T14:28:35.970Z"}
{"level":"warn","message":"GET request for '/favicon.ico'","timestamp":"2022-07-16T14:31:25.840Z"}
{"level":"warn","message":"GET request for '/favicon.ico'","timestamp":"2022-07-16T14:31:46.375Z"}
{"level":"warn","message":"GET request for '/favicon.ico'","timestamp":"2022-07-16T14:32:24.323Z"}
{"level":"warn","message":"GET request for '/favicon.ico'","timestamp":"2022-07-16T14:32:52.756Z"}
{"level":"warn","message":"GET request for '/favicon.ico'","timestamp":"2022-07-16T14:33:28.711Z"}
{"level":"warn","message":"GET request for '/favicon.ico'","timestamp":"2022-07-16T14:33:59.673Z"}
{"level":"warn","message":"GET request for '/favicon.ico'","timestamp":"2022-07-16T14:34:11.364Z"}
{"level":"warn","message":"GET request for '/js/logout.js'","timestamp":"2022-07-16T14:35:07.142Z"}
{"level":"warn","message":"GET request for '/favicon.ico'","timestamp":"2022-07-16T14:35:07.203Z"}
{"level":"warn","message":"GET request for '/favicon.ico'","timestamp":"2022-07-16T14:35:07.763Z"}
{"level":"warn","message":"GET request for '/favicon.ico'","timestamp":"2022-07-16T14:35:08.790Z"}
{"level":"warn","message":"GET request for '/favicon.ico'","timestamp":"2022-07-16T14:35:18.297Z"}
{"level":"warn","message":"GET request for '/js/logout.js'","timestamp":"2022-07-16T14:35:36.084Z"}
{"level":"warn","message":"GET request for '/favicon.ico'","timestamp":"2022-07-16T14:35:36.163Z"}
{"level":"warn","message":"GET request for '/favicon.ico'","timestamp":"2022-07-16T14:35:37.302Z"}
{"level":"warn","message":"GET request for '/favicon.ico'","timestamp":"2022-07-16T14:35:38.118Z"}
{"level":"warn","message":"GET request for '/favicon.ico'","timestamp":"2022-07-16T14:42:27.339Z"}
{"level":"warn","message":"GET request for '/js/logout.js'","timestamp":"2022-07-16T14:43:33.500Z"}
{"level":"warn","message":"GET request for '/favicon.ico'","timestamp":"2022-07-16T14:43:33.561Z"}
{"level":"warn","message":"GET request for '/js/logout.js'","timestamp":"2022-07-16T14:43:33.799Z"}
{"level":"warn","message":"GET request for '/favicon.ico'","timestamp":"2022-07-16T14:43:33.879Z"}
{"level":"warn","message":"GET request for '/favicon.ico'","timestamp":"2022-07-16T14:43:34.546Z"}
{"level":"warn","message":"GET request for '/favicon.ico'","timestamp":"2022-07-16T14:43:35.383Z"}
{"level":"warn","message":"GET request for '/favicon.ico'","timestamp":"2022-07-16T14:46:33.540Z"}
{"level":"warn","message":"POST request for '/uploadUserImage'","timestamp":"2022-07-16T14:57:57.494Z"}
{"level":"warn","message":"POST request for '/uploadUserImage'","timestamp":"2022-07-16T14:59:01.704Z"}
{"level":"warn","message":"POST request for '/uploadUserImage'","timestamp":"2022-07-16T15:08:59.496Z"}
{"level":"warn","message":"POST request for '/uploadUserImage'","timestamp":"2022-07-16T15:10:32.648Z"}
{"level":"warn","message":"POST request for '/uploadUserImage'","timestamp":"2022-07-16T15:13:39.632Z"}
{"level":"warn","message":"POST request for '/uploadUserImage'","timestamp":"2022-07-16T15:19:43.927Z"}
{"level":"warn","message":"GET request for '/favicon.ico'","timestamp":"2022-07-16T15:19:57.202Z"}
{"level":"warn","message":"GET request for '/favicon.ico'","timestamp":"2022-07-16T15:20:19.092Z"}
{"level":"warn","message":"GET request for '/favicon.ico'","timestamp":"2022-07-16T15:20:20.823Z"}
{"level":"warn","message":"POST request for '/uploadUserImage'","timestamp":"2022-07-16T15:20:28.028Z"}
{"level":"warn","message":"POST request for '/uploadUserImage'","timestamp":"2022-07-16T15:21:29.640Z"}
{"level":"warn","message":"GET request for '/favicon.ico'","timestamp":"2022-07-16T15:22:54.404Z"}
{"level":"warn","message":"POST request for '/uploadUserImage'","timestamp":"2022-07-16T15:23:02.220Z"}
{"level":"warn","message":"GET request for '/favicon.ico'","timestamp":"2022-07-16T15:23:04.283Z"}
{"level":"warn","message":"GET request for '/js/logout.js'","timestamp":"2022-07-16T15:31:23.561Z"}
{"level":"warn","message":"GET request for '/favicon.ico'","timestamp":"2022-07-16T15:31:23.624Z"}
{"level":"warn","message":"GET request for '/favicon.ico'","timestamp":"2022-07-16T15:31:24.287Z"}
{"level":"warn","message":"GET request for '/favicon.ico'","timestamp":"2022-07-16T15:31:25.004Z"}
{"level":"warn","message":"POST request for '/uploadUserImage'","timestamp":"2022-07-16T15:31:37.923Z"}
{"level":"warn","message":"POST request for '/uploadUserImage'","timestamp":"2022-07-16T15:32:06.180Z"}
{"level":"warn","message":"GET request for '/favicon.ico'","timestamp":"2022-07-16T15:32:26.445Z"}
{"level":"warn","message":"POST request for '/uploadUserImage'","timestamp":"2022-07-16T15:32:36.744Z"}
{"level":"warn","message":"POST request for '/uploadUserImage'","timestamp":"2022-07-16T15:33:08.236Z"}
{"level":"warn","message":"POST request for '/uploadUserImage'","timestamp":"2022-07-16T15:33:47.898Z"}
{"level":"warn","message":"POST request for '/uploadUserImage'","timestamp":"2022-07-16T15:34:00.351Z"}
{"level":"warn","message":"POST request for '/uploadUserImage'","timestamp":"2022-07-16T15:34:24.899Z"}
{"level":"warn","message":"POST request for '/uploadUserImage'","timestamp":"2022-07-16T15:34:34.157Z"}
{"level":"warn","message":"POST request for '/uploadUserImage'","timestamp":"2022-07-16T15:35:06.201Z"}
{"level":"warn","message":"POST request for '/uploadUserImage'","timestamp":"2022-07-16T15:35:24.551Z"}
{"level":"warn","message":"POST request for '/uploadUserImage'","timestamp":"2022-07-16T15:35:54.467Z"}
{"level":"warn","message":"POST request for '/uploadUserImage'","timestamp":"2022-07-16T15:36:24.163Z"}
{"level":"warn","message":"POST request for '/uploadUserImage'","timestamp":"2022-07-16T15:36:39.768Z"}
{"level":"warn","message":"POST request for '/uploadUserImage'","timestamp":"2022-07-16T15:37:05.864Z"}
{"level":"warn","message":"GET request for '/favicon.ico'","timestamp":"2022-07-16T15:37:08.441Z"}
{"level":"warn","message":"GET request for '/favicon.ico'","timestamp":"2022-07-16T15:41:21.450Z"}
{"level":"warn","message":"GET request for '/favicon.ico'","timestamp":"2022-07-16T15:42:43.949Z"}
{"level":"warn","message":"GET request for '/favicon.ico'","timestamp":"2022-07-16T15:45:00.846Z"}
{"level":"warn","message":"GET request for '/js/logout.js'","timestamp":"2022-07-16T15:45:30.994Z"}
{"level":"warn","message":"GET request for '/favicon.ico'","timestamp":"2022-07-16T15:45:31.057Z"}
{"level":"warn","message":"GET request for '/favicon.ico'","timestamp":"2022-07-16T15:45:31.929Z"}
{"level":"warn","message":"GET request for '/favicon.ico'","timestamp":"2022-07-16T15:45:33.013Z"}
{"level":"warn","message":"POST request for '/uploadUserImage'","timestamp":"2022-07-16T15:45:50.010Z"}
{"level":"warn","message":"GET request for '/favicon.ico'","timestamp":"2022-07-16T15:45:52.184Z"}
{"level":"warn","message":"GET request for '/js/logout.js'","timestamp":"2022-07-16T15:46:49.540Z"}
{"level":"warn","message":"GET request for '/favicon.ico'","timestamp":"2022-07-16T15:46:49.605Z"}
{"level":"warn","message":"GET request for '/favicon.ico'","timestamp":"2022-07-16T15:46:50.181Z"}
{"level":"warn","message":"GET request for '/favicon.ico'","timestamp":"2022-07-16T15:46:50.936Z"}
{"level":"warn","message":"POST request for '/uploadUserImage'","timestamp":"2022-07-16T15:47:00.041Z"}
{"level":"warn","message":"GET request for '/public/img/perfil.jpg'","timestamp":"2022-07-16T15:47:00.790Z"}
{"level":"warn","message":"GET request for '/favicon.ico'","timestamp":"2022-07-16T15:47:02.199Z"}
{"level":"warn","message":"GET request for '/public/img/perfil.jpg'","timestamp":"2022-07-16T15:47:54.960Z"}
{"level":"warn","message":"GET request for '/favicon.ico'","timestamp":"2022-07-16T15:47:55.957Z"}
{"level":"warn","message":"GET request for '/public/img/perfil.jpg'","timestamp":"2022-07-16T15:48:10.648Z"}
{"level":"warn","message":"GET request for '/favicon.ico'","timestamp":"2022-07-16T15:48:11.652Z"}
{"level":"warn","message":"GET request for '/public/img/perfil.jpg'","timestamp":"2022-07-16T15:49:10.064Z"}
{"level":"warn","message":"GET request for '/favicon.ico'","timestamp":"2022-07-16T15:49:11.620Z"}
{"level":"warn","message":"GET request for '/js/logout.js'","timestamp":"2022-07-16T15:49:19.021Z"}
{"level":"warn","message":"GET request for '/favicon.ico'","timestamp":"2022-07-16T15:49:19.131Z"}
{"level":"warn","message":"GET request for '/favicon.ico'","timestamp":"2022-07-16T15:49:20.101Z"}
{"level":"warn","message":"GET request for '/favicon.ico'","timestamp":"2022-07-16T15:49:20.886Z"}
{"level":"warn","message":"POST request for '/uploadUserImage'","timestamp":"2022-07-16T15:49:25.019Z"}
{"level":"warn","message":"POST request for '/uploadUserImage'","timestamp":"2022-07-16T15:49:30.246Z"}
{"level":"warn","message":"POST request for '/uploadUserImage'","timestamp":"2022-07-16T15:49:30.426Z"}
{"level":"warn","message":"POST request for '/uploadUserImage'","timestamp":"2022-07-16T15:49:30.558Z"}
{"level":"warn","message":"POST request for '/uploadUserImage'","timestamp":"2022-07-16T15:49:30.712Z"}
{"level":"warn","message":"POST request for '/uploadUserImage'","timestamp":"2022-07-16T15:49:30.874Z"}
{"level":"warn","message":"POST request for '/uploadUserImage'","timestamp":"2022-07-16T15:50:31.754Z"}
{"level":"warn","message":"POST request for '/uploadUserImage'","timestamp":"2022-07-16T15:50:31.801Z"}
{"level":"warn","message":"POST request for '/uploadUserImage'","timestamp":"2022-07-16T15:50:31.850Z"}
{"level":"warn","message":"POST request for '/uploadUserImage'","timestamp":"2022-07-16T15:50:32.003Z"}
{"level":"warn","message":"POST request for '/uploadUserImage'","timestamp":"2022-07-16T15:50:32.097Z"}
{"level":"warn","message":"GET request for '/favicon.ico'","timestamp":"2022-07-16T15:50:32.191Z"}
{"level":"warn","message":"POST request for '/uploadUserImage'","timestamp":"2022-07-16T15:50:32.385Z"}
{"level":"warn","message":"POST request for '/uploadUserImage'","timestamp":"2022-07-16T15:50:35.631Z"}
{"level":"warn","message":"POST request for '/uploadUserImage'","timestamp":"2022-07-16T15:50:38.355Z"}
{"level":"warn","message":"GET request for '/favicon.ico'","timestamp":"2022-07-16T15:50:51.422Z"}
{"level":"warn","message":"GET request for '/favicon.ico'","timestamp":"2022-07-16T15:50:52.996Z"}
{"level":"warn","message":"POST request for '/uploadUserImage'","timestamp":"2022-07-16T15:50:59.025Z"}
{"level":"warn","message":"GET request for '/favicon.ico'","timestamp":"2022-07-16T15:51:01.263Z"}
{"level":"warn","message":"GET request for '/js/logout.js'","timestamp":"2022-07-16T15:53:10.886Z"}
{"level":"warn","message":"GET request for '/favicon.ico'","timestamp":"2022-07-16T15:53:10.950Z"}
{"level":"warn","message":"GET request for '/favicon.ico'","timestamp":"2022-07-16T15:53:12.328Z"}
{"level":"warn","message":"GET request for '/favicon.ico'","timestamp":"2022-07-16T15:53:13.122Z"}
{"level":"warn","message":"POST request for '/uploadUserImage'","timestamp":"2022-07-16T15:53:14.126Z"}
{"level":"warn","message":"POST request for '/uploadUserImage'","timestamp":"2022-07-16T15:53:22.388Z"}
{"level":"warn","message":"POST request for '/uploadUserImage'","timestamp":"2022-07-16T15:53:24.652Z"}
{"level":"warn","message":"GET request for '/favicon.ico'","timestamp":"2022-07-17T13:55:36.582Z"}
{"level":"warn","message":"GET request for '/favicon.ico'","timestamp":"2022-07-17T13:55:41.814Z"}
{"level":"warn","message":"GET request for '/js/logout.js'","timestamp":"2022-07-17T14:00:44.551Z"}
{"level":"warn","message":"GET request for '/favicon.ico'","timestamp":"2022-07-17T14:00:44.625Z"}
{"level":"warn","message":"GET request for '/favicon.ico'","timestamp":"2022-07-17T14:00:45.651Z"}
{"level":"warn","message":"GET request for '/favicon.ico'","timestamp":"2022-07-17T14:00:46.636Z"}
{"level":"warn","message":"POST request for '/uploadUserImage'","timestamp":"2022-07-17T14:01:37.452Z"}
{"level":"warn","message":"GET request for '/favicon.ico'","timestamp":"2022-07-17T14:01:39.967Z"}
{"level":"warn","message":"GET request for '/favicon.ico'","timestamp":"2022-07-17T14:03:55.072Z"}
{"level":"warn","message":"GET request for '/favicon.ico'","timestamp":"2022-07-17T14:04:42.991Z"}
{"level":"warn","message":"GET request for '/cart/css/style.css'","timestamp":"2022-07-17T14:04:54.097Z"}
{"level":"warn","message":"GET request for '/js/logout.js'","timestamp":"2022-07-17T14:06:35.379Z"}
{"level":"warn","message":"GET request for '/favicon.ico'","timestamp":"2022-07-17T14:06:35.453Z"}
{"level":"warn","message":"GET request for '/js/logout.js'","timestamp":"2022-07-17T14:06:37.141Z"}
{"level":"warn","message":"GET request for '/favicon.ico'","timestamp":"2022-07-17T14:06:37.248Z"}
{"level":"warn","message":"GET request for '/favicon.ico'","timestamp":"2022-07-17T14:06:39.059Z"}
{"level":"warn","message":"GET request for '/favicon.ico'","timestamp":"2022-07-17T14:06:44.973Z"}
{"level":"warn","message":"GET request for '/favicon.ico'","timestamp":"2022-07-17T14:07:28.094Z"}
{"level":"warn","message":"GET request for '/favicon.ico'","timestamp":"2022-07-17T14:07:31.757Z"}
{"level":"warn","message":"GET request for '/cart/css/style.css'","timestamp":"2022-07-17T14:07:41.996Z"}
{"level":"warn","message":"GET request for '/favicon.ico'","timestamp":"2022-07-17T14:07:42.711Z"}
{"level":"warn","message":"GET request for '/favicon.ico'","timestamp":"2022-07-17T14:34:54.469Z"}
{"level":"warn","message":"GET request for '/favicon.ico'","timestamp":"2022-07-17T14:34:56.656Z"}
{"level":"warn","message":"GET request for '/favicon.ico'","timestamp":"2022-07-17T14:35:02.941Z"}
{"level":"warn","message":"GET request for '/cart/css/style.css'","timestamp":"2022-07-17T14:35:06.633Z"}
{"level":"warn","message":"GET request for '/favicon.ico'","timestamp":"2022-07-17T14:35:07.899Z"}
{"level":"warn","message":"GET request for '/favicon.ico'","timestamp":"2022-07-17T14:54:09.962Z"}
{"level":"warn","message":"GET request for '/favicon.ico'","timestamp":"2022-07-17T14:54:11.331Z"}
{"level":"warn","message":"GET request for '/favicon.ico'","timestamp":"2022-07-17T14:54:17.553Z"}
{"level":"warn","message":"GET request for '/cart/css/style.css'","timestamp":"2022-07-17T14:54:25.266Z"}
{"level":"warn","message":"GET request for '/favicon.ico'","timestamp":"2022-07-17T14:54:26.367Z"}
{"level":"warn","message":"GET request for '/cart/css/style.css'","timestamp":"2022-07-17T14:55:36.790Z"}
{"level":"warn","message":"GET request for '/favicon.ico'","timestamp":"2022-07-17T14:55:37.904Z"}
{"level":"warn","message":"GET request for '//cart/1/confirmation'","timestamp":"2022-07-17T14:55:39.249Z"}
{"level":"warn","message":"GET request for '/favicon.ico'","timestamp":"2022-07-17T14:55:39.372Z"}
{"level":"warn","message":"GET request for '//cart/1/confirmation'","timestamp":"2022-07-17T14:55:49.562Z"}
{"level":"warn","message":"GET request for '/favicon.ico'","timestamp":"2022-07-17T14:55:49.764Z"}
{"level":"warn","message":"GET request for '//carts/1/confirmation'","timestamp":"2022-07-17T14:55:53.739Z"}
{"level":"warn","message":"GET request for '/favicon.ico'","timestamp":"2022-07-17T14:55:53.863Z"}
{"level":"warn","message":"GET request for '/carts/1/confirmation'","timestamp":"2022-07-17T14:55:57.540Z"}
{"level":"warn","message":"GET request for '/favicon.ico'","timestamp":"2022-07-17T14:55:57.665Z"}
{"level":"warn","message":"GET request for '/favicon.ico'","timestamp":"2022-07-17T14:56:56.959Z"}
{"level":"warn","message":"GET request for '/favicon.ico'","timestamp":"2022-07-17T14:56:57.743Z"}
{"level":"warn","message":"GET request for '//cart/1/'","timestamp":"2022-07-17T14:57:02.729Z"}
{"level":"warn","message":"GET request for '/favicon.ico'","timestamp":"2022-07-17T14:57:02.851Z"}
{"level":"warn","message":"GET request for '/cart/1/css/style.css'","timestamp":"2022-07-17T14:57:09.110Z"}
{"level":"warn","message":"GET request for '/cart/js/cart.js'","timestamp":"2022-07-17T14:57:09.137Z"}
{"level":"warn","message":"GET request for '/favicon.ico'","timestamp":"2022-07-17T14:57:09.821Z"}
{"level":"warn","message":"GET request for '/cart/1/css/style.css'","timestamp":"2022-07-17T14:57:24.527Z"}
{"level":"warn","message":"GET request for '/cart/js/cart.js'","timestamp":"2022-07-17T14:57:24.548Z"}
{"level":"warn","message":"GET request for '/favicon.ico'","timestamp":"2022-07-17T14:57:25.345Z"}
{"level":"warn","message":"GET request for '/cart/1/css/style.css'","timestamp":"2022-07-17T14:57:34.420Z"}
{"level":"warn","message":"GET request for '/cart/js/cart.js'","timestamp":"2022-07-17T14:57:34.708Z"}
{"level":"warn","message":"GET request for '/favicon.ico'","timestamp":"2022-07-17T14:57:35.070Z"}
{"level":"warn","message":"GET request for '/cart/1/css/style.css'","timestamp":"2022-07-17T14:58:08.299Z"}
{"level":"warn","message":"GET request for '/cart/js/cart.js'","timestamp":"2022-07-17T14:58:08.584Z"}
{"level":"warn","message":"GET request for '/favicon.ico'","timestamp":"2022-07-17T14:58:09.306Z"}
{"level":"warn","message":"GET request for '/cart/1/css/style.css'","timestamp":"2022-07-17T14:58:23.353Z"}
{"level":"warn","message":"GET request for '/cart/js/cart.js'","timestamp":"2022-07-17T14:58:23.373Z"}
{"level":"warn","message":"GET request for '/favicon.ico'","timestamp":"2022-07-17T14:58:24.307Z"}
{"level":"warn","message":"GET request for '/cart/1/css/style.css'","timestamp":"2022-07-17T14:58:30.017Z"}
{"level":"warn","message":"GET request for '/cart/js/cart.js'","timestamp":"2022-07-17T14:58:30.308Z"}
{"level":"warn","message":"GET request for '/favicon.ico'","timestamp":"2022-07-17T14:58:30.971Z"}
{"level":"warn","message":"GET request for '/cart/1/css/style.css'","timestamp":"2022-07-17T14:58:47.912Z"}
{"level":"warn","message":"GET request for '/cart/js/cart.js'","timestamp":"2022-07-17T14:58:48.206Z"}
{"level":"warn","message":"GET request for '/favicon.ico'","timestamp":"2022-07-17T14:58:48.727Z"}
{"level":"warn","message":"GET request for '/js/logout.js'","timestamp":"2022-07-17T14:59:09.592Z"}
{"level":"warn","message":"GET request for '/favicon.ico'","timestamp":"2022-07-17T14:59:09.669Z"}
{"level":"warn","message":"GET request for '/favicon.ico'","timestamp":"2022-07-17T14:59:10.608Z"}
{"level":"warn","message":"GET request for '/favicon.ico'","timestamp":"2022-07-17T14:59:16.108Z"}
{"level":"warn","message":"GET request for '/cart/css/style.css'","timestamp":"2022-07-17T14:59:20.317Z"}
{"level":"warn","message":"GET request for '/favicon.ico'","timestamp":"2022-07-17T14:59:21.582Z"}
{"level":"warn","message":"GET request for '/cart/1/css/style.css'","timestamp":"2022-07-17T14:59:24.467Z"}
{"level":"warn","message":"GET request for '/cart/js/cart.js'","timestamp":"2022-07-17T14:59:24.756Z"}
{"level":"warn","message":"GET request for '/favicon.ico'","timestamp":"2022-07-17T14:59:25.259Z"}
{"level":"warn","message":"GET request for '/cart/1/css/style.css'","timestamp":"2022-07-17T15:00:11.240Z"}
{"level":"warn","message":"GET request for '/cart/js/cart.js'","timestamp":"2022-07-17T15:00:11.536Z"}
{"level":"warn","message":"GET request for '/favicon.ico'","timestamp":"2022-07-17T15:00:12.176Z"}
{"level":"warn","message":"GET request for '/cart/1/css/style.css'","timestamp":"2022-07-17T15:00:25.735Z"}
{"level":"warn","message":"GET request for '/favicon.ico'","timestamp":"2022-07-17T15:00:25.853Z"}
{"level":"warn","message":"GET request for '/favicon.ico'","timestamp":"2022-07-17T15:00:43.288Z"}
{"level":"warn","message":"GET request for '/cart/css/style.css'","timestamp":"2022-07-17T15:00:48.364Z"}
{"level":"warn","message":"GET request for '/favicon.ico'","timestamp":"2022-07-17T15:00:49.209Z"}
{"level":"warn","message":"GET request for '/favicon.ico'","timestamp":"2022-07-17T15:12:07.263Z"}
{"level":"warn","message":"GET request for '/favicon.ico'","timestamp":"2022-07-17T15:12:08.457Z"}
{"level":"warn","message":"GET request for '/favicon.ico'","timestamp":"2022-07-17T15:12:13.954Z"}
{"level":"warn","message":"GET request for '/cart/css/style.css'","timestamp":"2022-07-17T15:12:17.559Z"}
{"level":"warn","message":"GET request for '/favicon.ico'","timestamp":"2022-07-17T15:12:18.579Z"}
{"level":"warn","message":"GET request for '/cart/1/css/style.css'","timestamp":"2022-07-17T15:12:20.897Z"}
{"level":"warn","message":"GET request for '/favicon.ico'","timestamp":"2022-07-17T15:12:21.043Z"}
{"level":"warn","message":"GET request for '/cart/1/css/style.css'","timestamp":"2022-07-17T15:13:24.027Z"}
{"level":"warn","message":"GET request for '/favicon.ico'","timestamp":"2022-07-17T15:13:24.145Z"}
{"level":"warn","message":"GET request for '/favicon.ico'","timestamp":"2022-07-17T15:13:28.950Z"}
{"level":"warn","message":"GET request for '/cart/1/css/style.css'","timestamp":"2022-07-17T15:13:30.468Z"}
{"level":"warn","message":"GET request for '/favicon.ico'","timestamp":"2022-07-17T15:13:30.592Z"}
{"level":"warn","message":"GET request for '/favicon.ico'","timestamp":"2022-07-17T15:13:47.826Z"}
{"level":"warn","message":"GET request for '/cart/1/css/style.css'","timestamp":"2022-07-17T15:13:48.853Z"}
{"level":"warn","message":"GET request for '/favicon.ico'","timestamp":"2022-07-17T15:13:48.991Z"}
{"level":"warn","message":"GET request for '/favicon.ico'","timestamp":"2022-07-17T15:14:04.534Z"}
{"level":"warn","message":"GET request for '/cart/1/css/style.css'","timestamp":"2022-07-17T15:14:05.465Z"}
{"level":"warn","message":"GET request for '/favicon.ico'","timestamp":"2022-07-17T15:14:05.614Z"}
{"level":"warn","message":"GET request for '/favicon.ico'","timestamp":"2022-07-17T15:14:59.189Z"}
{"level":"warn","message":"GET request for '/cart/1/css/style.css'","timestamp":"2022-07-17T15:15:00.878Z"}
{"level":"warn","message":"GET request for '/favicon.ico'","timestamp":"2022-07-17T15:15:01.012Z"}
{"level":"warn","message":"GET request for '/cart/1/css/style.css'","timestamp":"2022-07-17T15:21:52.872Z"}
{"level":"warn","message":"GET request for '/favicon.ico'","timestamp":"2022-07-17T15:21:52.987Z"}
{"level":"warn","message":"GET request for '/favicon.ico'","timestamp":"2022-07-17T15:21:55.756Z"}
{"level":"warn","message":"GET request for '/cart/1/css/style.css'","timestamp":"2022-07-17T15:21:57.478Z"}
{"level":"warn","message":"GET request for '/favicon.ico'","timestamp":"2022-07-17T15:21:57.621Z"}
{"level":"warn","message":"GET request for '/favicon.ico'","timestamp":"2022-07-17T15:22:37.313Z"}
{"level":"warn","message":"GET request for '/cart/1/css/style.css'","timestamp":"2022-07-17T15:22:38.661Z"}
{"level":"warn","message":"GET request for '/favicon.ico'","timestamp":"2022-07-17T15:22:38.782Z"}
{"level":"warn","message":"GET request for '/js/logout.js'","timestamp":"2022-07-17T23:00:10.092Z"}
{"level":"warn","message":"GET request for '/favicon.ico'","timestamp":"2022-07-17T23:00:10.161Z"}
{"level":"warn","message":"GET request for '/favicon.ico'","timestamp":"2022-07-17T23:00:11.229Z"}
{"level":"warn","message":"GET request for '/favicon.ico'","timestamp":"2022-07-17T23:00:18.486Z"}
{"level":"warn","message":"GET request for '/cart/css/style.css'","timestamp":"2022-07-17T23:00:22.112Z"}
{"level":"warn","message":"GET request for '/favicon.ico'","timestamp":"2022-07-17T23:00:22.811Z"}
{"level":"warn","message":"GET request for '/cart/1/css/style.css'","timestamp":"2022-07-17T23:00:25.157Z"}
{"level":"warn","message":"GET request for '/favicon.ico'","timestamp":"2022-07-17T23:00:25.270Z"}
{"level":"warn","message":"GET request for '/favicon.ico'","timestamp":"2022-07-17T23:01:32.045Z"}
{"level":"warn","message":"GET request for '/cart/1/css/style.css'","timestamp":"2022-07-17T23:01:35.271Z"}
{"level":"warn","message":"GET request for '/favicon.ico'","timestamp":"2022-07-17T23:01:35.616Z"}
{"level":"warn","message":"GET request for '/favicon.ico'","timestamp":"2022-07-17T23:02:04.463Z"}
{"level":"warn","message":"GET request for '/cart/1/css/style.css'","timestamp":"2022-07-17T23:02:04.783Z"}
{"level":"warn","message":"GET request for '/favicon.ico'","timestamp":"2022-07-17T23:02:04.907Z"}
{"level":"warn","message":"GET request for '/favicon.ico'","timestamp":"2022-07-17T23:02:35.456Z"}
{"level":"warn","message":"GET request for '/cart/1/css/style.css'","timestamp":"2022-07-17T23:02:35.985Z"}
{"level":"warn","message":"GET request for '/favicon.ico'","timestamp":"2022-07-17T23:02:36.336Z"}
{"level":"warn","message":"GET request for '/favicon.ico'","timestamp":"2022-07-17T23:03:00.435Z"}
{"level":"warn","message":"GET request for '/cart/1/css/style.css'","timestamp":"2022-07-17T23:03:03.190Z"}
{"level":"warn","message":"GET request for '/favicon.ico'","timestamp":"2022-07-17T23:03:03.534Z"}
{"level":"warn","message":"GET request for '/favicon.ico'","timestamp":"2022-07-17T23:07:48.816Z"}
{"level":"warn","message":"GET request for '/cart/1/css/style.css'","timestamp":"2022-07-17T23:07:50.519Z"}
{"level":"warn","message":"GET request for '/favicon.ico'","timestamp":"2022-07-17T23:07:50.833Z"}
{"level":"warn","message":"GET request for '/favicon.ico'","timestamp":"2022-07-17T23:08:58.707Z"}
{"level":"warn","message":"GET request for '/cart/1/css/style.css'","timestamp":"2022-07-17T23:09:01.866Z"}
{"level":"warn","message":"GET request for '/favicon.ico'","timestamp":"2022-07-17T23:09:02.157Z"}
{"level":"warn","message":"GET request for '/favicon.ico'","timestamp":"2022-07-17T23:10:02.874Z"}
{"level":"warn","message":"GET request for '/cart/1/css/style.css'","timestamp":"2022-07-17T23:10:04.573Z"}
{"level":"warn","message":"GET request for '/favicon.ico'","timestamp":"2022-07-17T23:10:04.703Z"}
{"level":"warn","message":"GET request for '/favicon.ico'","timestamp":"2022-07-17T23:11:17.045Z"}
{"level":"warn","message":"GET request for '/cart/1/css/style.css'","timestamp":"2022-07-17T23:11:19.429Z"}
{"level":"warn","message":"GET request for '/favicon.ico'","timestamp":"2022-07-17T23:11:19.719Z"}
{"level":"warn","message":"GET request for '/favicon.ico'","timestamp":"2022-07-17T23:12:30.032Z"}
{"level":"warn","message":"GET request for '/cart/1/css/style.css'","timestamp":"2022-07-17T23:12:31.574Z"}
{"level":"warn","message":"GET request for '/favicon.ico'","timestamp":"2022-07-17T23:12:31.703Z"}
{"level":"warn","message":"GET request for '/cart/1/css/style.css'","timestamp":"2022-07-17T23:12:55.773Z"}
{"level":"warn","message":"GET request for '/favicon.ico'","timestamp":"2022-07-17T23:12:55.913Z"}
{"level":"warn","message":"GET request for '/favicon.ico'","timestamp":"2022-07-17T23:12:56.222Z"}
{"level":"warn","message":"GET request for '/cart/1/css/style.css'","timestamp":"2022-07-17T23:12:58.771Z"}
{"level":"warn","message":"GET request for '/favicon.ico'","timestamp":"2022-07-17T23:12:59.114Z"}
{"level":"warn","message":"GET request for '/favicon.ico'","timestamp":"2022-07-17T23:13:00.028Z"}
{"level":"warn","message":"GET request for '/cart/1/css/style.css'","timestamp":"2022-07-17T23:13:01.056Z"}
{"level":"warn","message":"GET request for '/favicon.ico'","timestamp":"2022-07-17T23:13:01.174Z"}
{"level":"warn","message":"GET request for '/favicon.ico'","timestamp":"2022-07-17T23:13:02.562Z"}
{"level":"warn","message":"GET request for '/cart/1/css/style.css'","timestamp":"2022-07-17T23:13:03.913Z"}
{"level":"warn","message":"GET request for '/favicon.ico'","timestamp":"2022-07-17T23:13:04.257Z"}
{"level":"warn","message":"GET request for '/favicon.ico'","timestamp":"2022-07-17T23:15:27.092Z"}
{"level":"warn","message":"GET request for '/cart/1/css/style.css'","timestamp":"2022-07-17T23:15:29.308Z"}
{"level":"warn","message":"GET request for '/favicon.ico'","timestamp":"2022-07-17T23:15:29.638Z"}
{"level":"warn","message":"GET request for '/favicon.ico'","timestamp":"2022-07-17T23:15:40.621Z"}
{"level":"warn","message":"GET request for '/favicon.ico'","timestamp":"2022-07-17T23:15:40.786Z"}
{"level":"warn","message":"GET request for '/favicon.ico'","timestamp":"2022-07-17T23:15:44.686Z"}
{"level":"warn","message":"GET request for '/cart/1/css/style.css'","timestamp":"2022-07-17T23:15:46.596Z"}
{"level":"warn","message":"GET request for '/favicon.ico'","timestamp":"2022-07-17T23:15:46.717Z"}
{"level":"warn","message":"GET request for '/favicon.ico'","timestamp":"2022-07-17T23:19:38.108Z"}
{"level":"warn","message":"GET request for '/cart/1/css/style.css'","timestamp":"2022-07-17T23:19:39.508Z"}
{"level":"warn","message":"GET request for '/favicon.ico'","timestamp":"2022-07-17T23:19:39.621Z"}
{"level":"warn","message":"GET request for '/favicon.ico'","timestamp":"2022-07-17T23:27:00.890Z"}
{"level":"warn","message":"GET request for '/cart/1/css/style.css'","timestamp":"2022-07-17T23:27:06.236Z"}
{"level":"warn","message":"GET request for '/favicon.ico'","timestamp":"2022-07-17T23:27:07.255Z"}
{"level":"warn","message":"GET request for '/favicon.ico'","timestamp":"2022-07-17T23:29:53.148Z"}
{"level":"warn","message":"GET request for '/cart/1/css/style.css'","timestamp":"2022-07-17T23:29:54.595Z"}
{"level":"warn","message":"GET request for '/favicon.ico'","timestamp":"2022-07-17T23:29:54.712Z"}
{"level":"warn","message":"GET request for '/favicon.ico'","timestamp":"2022-07-17T23:30:26.338Z"}
{"level":"warn","message":"GET request for '/cart/1/css/style.css'","timestamp":"2022-07-17T23:30:28.496Z"}
{"level":"warn","message":"GET request for '/favicon.ico'","timestamp":"2022-07-17T23:30:28.793Z"}
{"level":"warn","message":"GET request for '/favicon.ico'","timestamp":"2022-07-17T23:31:33.577Z"}
{"level":"warn","message":"GET request for '/cart/1/css/style.css'","timestamp":"2022-07-17T23:31:36.222Z"}
{"level":"warn","message":"GET request for '/favicon.ico'","timestamp":"2022-07-17T23:31:36.567Z"}
{"level":"warn","message":"GET request for '/favicon.ico'","timestamp":"2022-07-17T23:35:23.963Z"}
{"level":"warn","message":"GET request for '/cart/1/css/style.css'","timestamp":"2022-07-17T23:35:25.465Z"}
{"level":"warn","message":"GET request for '/favicon.ico'","timestamp":"2022-07-17T23:35:25.590Z"}
{"level":"warn","message":"GET request for '/favicon.ico'","timestamp":"2022-07-17T23:37:05.162Z"}
{"level":"warn","message":"GET request for '/cart/1/css/style.css'","timestamp":"2022-07-17T23:37:07.516Z"}
{"level":"warn","message":"GET request for '/favicon.ico'","timestamp":"2022-07-17T23:37:07.859Z"}
{"level":"warn","message":"GET request for '/favicon.ico'","timestamp":"2022-07-17T23:37:18.479Z"}
{"level":"warn","message":"GET request for '/cart/1/css/style.css'","timestamp":"2022-07-17T23:37:19.815Z"}
{"level":"warn","message":"GET request for '/favicon.ico'","timestamp":"2022-07-17T23:37:20.037Z"}
{"level":"warn","message":"GET request for '/favicon.ico'","timestamp":"2022-07-17T23:42:16.007Z"}
{"level":"warn","message":"GET request for '/cart/1/css/style.css'","timestamp":"2022-07-17T23:42:18.478Z"}
{"level":"warn","message":"GET request for '/favicon.ico'","timestamp":"2022-07-17T23:42:18.767Z"}
{"level":"warn","message":"GET request for '/favicon.ico'","timestamp":"2022-07-17T23:44:32.073Z"}
{"level":"warn","message":"GET request for '/cart/1/css/style.css'","timestamp":"2022-07-17T23:44:33.643Z"}
{"level":"warn","message":"GET request for '/favicon.ico'","timestamp":"2022-07-17T23:44:33.770Z"}
{"level":"warn","message":"GET request for '/favicon.ico'","timestamp":"2022-07-17T23:45:29.335Z"}
{"level":"warn","message":"GET request for '/cart/1/css/style.css'","timestamp":"2022-07-17T23:45:30.487Z"}
{"level":"warn","message":"GET request for '/favicon.ico'","timestamp":"2022-07-17T23:45:30.609Z"}
{"level":"warn","message":"GET request for '/favicon.ico'","timestamp":"2022-07-17T23:47:12.289Z"}
{"level":"warn","message":"GET request for '/cart/1/css/style.css'","timestamp":"2022-07-17T23:47:14.610Z"}
{"level":"warn","message":"GET request for '/favicon.ico'","timestamp":"2022-07-17T23:47:14.909Z"}
{"level":"warn","message":"GET request for '/favicon.ico'","timestamp":"2022-07-17T23:49:20.607Z"}
{"level":"warn","message":"GET request for '/cart/1/css/style.css'","timestamp":"2022-07-17T23:49:21.813Z"}
{"level":"warn","message":"GET request for '/favicon.ico'","timestamp":"2022-07-17T23:49:21.955Z"}
{"level":"warn","message":"GET request for '/favicon.ico'","timestamp":"2022-07-17T23:55:02.864Z"}
{"level":"warn","message":"GET request for '/cart/1/css/style.css'","timestamp":"2022-07-17T23:55:04.225Z"}
{"level":"warn","message":"GET request for '/favicon.ico'","timestamp":"2022-07-17T23:55:04.440Z"}
{"level":"warn","message":"GET request for '/favicon.ico'","timestamp":"2022-07-17T23:55:23.668Z"}
{"level":"warn","message":"GET request for '/cart/1/css/style.css'","timestamp":"2022-07-17T23:55:24.894Z"}
{"level":"warn","message":"GET request for '/favicon.ico'","timestamp":"2022-07-17T23:55:25.286Z"}
{"level":"warn","message":"GET request for '/favicon.ico'","timestamp":"2022-07-18T00:01:24.162Z"}
{"level":"warn","message":"GET request for '/cart/1/css/style.css'","timestamp":"2022-07-18T00:01:25.232Z"}
{"level":"warn","message":"GET request for '/favicon.ico'","timestamp":"2022-07-18T00:01:25.358Z"}
{"level":"warn","message":"GET request for '/favicon.ico'","timestamp":"2022-07-18T00:02:17.161Z"}
{"level":"warn","message":"GET request for '/cart/1/css/style.css'","timestamp":"2022-07-18T00:02:18.672Z"}
{"level":"warn","message":"GET request for '/favicon.ico'","timestamp":"2022-07-18T00:02:18.819Z"}
{"level":"warn","message":"GET request for '/js/logout.js'","timestamp":"2022-07-18T00:06:06.108Z"}
{"level":"warn","message":"GET request for '/favicon.ico'","timestamp":"2022-07-18T00:06:06.173Z"}
{"level":"warn","message":"GET request for '/favicon.ico'","timestamp":"2022-07-18T00:06:06.628Z"}
{"level":"warn","message":"GET request for '/favicon.ico'","timestamp":"2022-07-18T00:06:07.320Z"}
{"level":"warn","message":"POST request for '/uploadUserImage'","timestamp":"2022-07-18T00:06:17.965Z"}
{"level":"warn","message":"POST request for '/uploadUserImage'","timestamp":"2022-07-18T00:06:28.585Z"}
{"level":"warn","message":"GET request for '/favicon.ico'","timestamp":"2022-07-18T00:06:32.464Z"}
{"level":"warn","message":"GET request for '/cart/css/style.css'","timestamp":"2022-07-18T00:06:40.896Z"}
{"level":"warn","message":"GET request for '/favicon.ico'","timestamp":"2022-07-18T00:06:41.598Z"}
{"level":"warn","message":"GET request for '/cart/1/css/style.css'","timestamp":"2022-07-18T00:06:54.270Z"}
{"level":"warn","message":"GET request for '/favicon.ico'","timestamp":"2022-07-18T00:06:54.645Z"}
{"level":"warn","message":"GET request for '/favicon.ico'","timestamp":"2022-07-18T00:07:56.462Z"}
{"level":"warn","message":"GET request for '/cart/1/css/style.css'","timestamp":"2022-07-18T00:07:58.334Z"}
{"level":"warn","message":"GET request for '/favicon.ico'","timestamp":"2022-07-18T00:07:58.707Z"}
{"level":"warn","message":"GET request for '/favicon.ico'","timestamp":"2022-07-18T17:22:19.288Z"}
{"level":"warn","message":"GET request for '/favicon.ico'","timestamp":"2022-07-18T17:24:25.012Z"}
{"level":"warn","message":"GET request for '/favicon.ico'","timestamp":"2022-07-18T17:24:29.428Z"}
{"level":"warn","message":"GET request for '/favicon.ico'","timestamp":"2022-07-18T17:24:31.424Z"}
{"level":"warn","message":"GET request for '/favicon.ico'","timestamp":"2022-07-18T17:24:32.814Z"}
{"level":"warn","message":"GET request for '/favicon.ico'","timestamp":"2022-07-18T17:24:49.587Z"}
{"level":"warn","message":"GET request for '/favicon.ico'","timestamp":"2022-07-18T17:24:51.157Z"}
{"level":"warn","message":"GET request for '/favicon.ico'","timestamp":"2022-07-18T17:24:52.240Z"}
{"level":"warn","message":"GET request for '/favicon.ico'","timestamp":"2022-07-18T17:24:53.170Z"}
{"level":"warn","message":"GET request for '/favicon.ico'","timestamp":"2022-07-18T17:24:53.961Z"}
{"level":"warn","message":"GET request for '/favicon.ico'","timestamp":"2022-07-18T17:24:54.612Z"}
{"level":"warn","message":"GET request for '/favicon.ico'","timestamp":"2022-07-18T17:24:55.843Z"}
{"level":"warn","message":"GET request for '/favicon.ico'","timestamp":"2022-07-18T17:25:04.826Z"}
{"level":"warn","message":"GET request for '/favicon.ico'","timestamp":"2022-07-18T17:25:14.301Z"}
{"level":"warn","message":"GET request for '/favicon.ico'","timestamp":"2022-07-18T17:25:16.063Z"}
{"level":"warn","message":"GET request for '/favicon.ico'","timestamp":"2022-07-18T17:25:19.433Z"}
{"level":"warn","message":"GET request for '/favicon.ico'","timestamp":"2022-07-18T17:26:12.937Z"}
{"level":"warn","message":"GET request for '/favicon.ico'","timestamp":"2022-07-18T17:27:26.325Z"}
{"level":"warn","message":"GET request for '/favicon.ico'","timestamp":"2022-07-18T17:27:29.680Z"}
{"level":"warn","message":"GET request for '/favicon.ico'","timestamp":"2022-07-18T17:27:30.937Z"}
{"level":"warn","message":"GET request for '/favicon.ico'","timestamp":"2022-07-18T17:27:32.180Z"}
{"level":"warn","message":"GET request for '/favicon.ico'","timestamp":"2022-07-18T17:27:33.325Z"}
{"level":"warn","message":"GET request for '/favicon.ico'","timestamp":"2022-07-18T17:27:34.138Z"}
{"level":"warn","message":"GET request for '/favicon.ico'","timestamp":"2022-07-18T17:27:35.132Z"}
{"level":"warn","message":"GET request for '/favicon.ico'","timestamp":"2022-07-18T17:27:36.049Z"}
{"level":"warn","message":"GET request for '/favicon.ico'","timestamp":"2022-07-18T17:27:36.618Z"}
{"level":"warn","message":"GET request for '/favicon.ico'","timestamp":"2022-07-18T17:27:52.457Z"}
{"level":"warn","message":"GET request for '/favicon.ico'","timestamp":"2022-07-18T17:28:08.894Z"}
{"level":"warn","message":"GET request for '/favicon.ico'","timestamp":"2022-07-18T17:29:00.993Z"}
{"level":"warn","message":"GET request for '/favicon.ico'","timestamp":"2022-07-18T17:29:11.714Z"}
{"level":"warn","message":"GET request for '/favicon.ico'","timestamp":"2022-07-18T17:29:17.007Z"}
{"level":"warn","message":"GET request for '/favicon.ico'","timestamp":"2022-07-18T17:30:28.361Z"}
{"level":"warn","message":"GET request for '/favicon.ico'","timestamp":"2022-07-18T17:30:28.945Z"}
{"level":"warn","message":"GET request for '/favicon.ico'","timestamp":"2022-07-18T17:30:32.599Z"}
{"level":"warn","message":"GET request for '/favicon.ico'","timestamp":"2022-07-18T17:30:34.180Z"}
{"level":"warn","message":"GET request for '/favicon.ico'","timestamp":"2022-07-18T17:30:35.561Z"}
{"level":"warn","message":"GET request for '/favicon.ico'","timestamp":"2022-07-18T17:32:18.614Z"}
{"level":"warn","message":"GET request for '/favicon.ico'","timestamp":"2022-07-18T17:32:22.324Z"}
{"level":"warn","message":"GET request for '/favicon.ico'","timestamp":"2022-07-18T17:32:37.824Z"}
{"level":"warn","message":"GET request for '/favicon.ico'","timestamp":"2022-07-18T17:32:38.981Z"}
{"level":"warn","message":"GET request for '/favicon.ico'","timestamp":"2022-07-18T17:32:45.764Z"}
{"level":"warn","message":"GET request for '/favicon.ico'","timestamp":"2022-07-18T17:32:59.159Z"}
{"level":"warn","message":"GET request for '/favicon.ico'","timestamp":"2022-07-18T17:33:01.946Z"}
{"level":"warn","message":"GET request for '/favicon.ico'","timestamp":"2022-07-18T17:33:36.814Z"}
{"level":"warn","message":"GET request for '/favicon.ico'","timestamp":"2022-07-18T17:33:39.222Z"}
{"level":"warn","message":"GET request for '/favicon.ico'","timestamp":"2022-07-18T17:33:42.629Z"}
{"level":"warn","message":"GET request for '/favicon.ico'","timestamp":"2022-07-18T17:34:36.814Z"}
{"level":"warn","message":"GET request for '/favicon.ico'","timestamp":"2022-07-18T17:34:38.528Z"}
{"level":"warn","message":"GET request for '/favicon.ico'","timestamp":"2022-07-18T17:35:57.747Z"}
{"level":"warn","message":"GET request for '/favicon.ico'","timestamp":"2022-07-18T17:36:31.589Z"}
{"level":"warn","message":"GET request for '/favicon.ico'","timestamp":"2022-07-18T17:37:54.991Z"}
{"level":"warn","message":"GET request for '/favicon.ico'","timestamp":"2022-07-18T17:37:58.602Z"}
{"level":"warn","message":"GET request for '/favicon.ico'","timestamp":"2022-07-18T17:38:04.367Z"}
{"level":"warn","message":"GET request for '/favicon.ico'","timestamp":"2022-07-18T17:38:13.858Z"}
{"level":"warn","message":"GET request for '/favicon.ico'","timestamp":"2022-07-18T17:38:15.173Z"}
{"level":"warn","message":"GET request for '/favicon.ico'","timestamp":"2022-07-18T17:38:31.479Z"}
{"level":"warn","message":"GET request for '/favicon.ico'","timestamp":"2022-07-18T17:39:55.066Z"}
{"level":"warn","message":"GET request for '/favicon.ico'","timestamp":"2022-07-18T17:40:18.099Z"}
{"level":"warn","message":"GET request for '/favicon.ico'","timestamp":"2022-07-18T17:40:20.684Z"}
{"level":"warn","message":"GET request for '/favicon.ico'","timestamp":"2022-07-18T17:42:29.449Z"}
{"level":"warn","message":"GET request for '/favicon.ico'","timestamp":"2022-07-18T17:42:30.123Z"}
{"level":"warn","message":"GET request for '/favicon.ico'","timestamp":"2022-07-18T17:42:34.282Z"}
{"level":"warn","message":"GET request for '/favicon.ico'","timestamp":"2022-07-18T17:43:06.579Z"}
{"level":"warn","message":"GET request for '/favicon.ico'","timestamp":"2022-07-18T17:43:08.183Z"}
{"level":"warn","message":"GET request for '/favicon.ico'","timestamp":"2022-07-18T17:44:19.759Z"}
{"level":"warn","message":"GET request for '/favicon.ico'","timestamp":"2022-07-18T17:44:24.660Z"}
{"level":"warn","message":"GET request for '/favicon.ico'","timestamp":"2022-07-18T17:45:03.538Z"}
{"level":"warn","message":"GET request for '/favicon.ico'","timestamp":"2022-07-18T17:45:04.709Z"}
{"level":"warn","message":"GET request for '/favicon.ico'","timestamp":"2022-07-18T17:45:08.406Z"}
{"level":"warn","message":"GET request for '/favicon.ico'","timestamp":"2022-07-18T17:45:46.420Z"}
{"level":"warn","message":"GET request for '/favicon.ico'","timestamp":"2022-07-18T17:45:47.422Z"}
{"level":"warn","message":"GET request for '/favicon.ico'","timestamp":"2022-07-18T22:23:41.143Z"}
{"level":"warn","message":"GET request for '/favicon.ico'","timestamp":"2022-07-18T22:23:44.253Z"}
{"level":"warn","message":"GET request for '/favicon.ico'","timestamp":"2022-07-18T22:23:45.653Z"}
{"level":"warn","message":"GET request for '/favicon.ico'","timestamp":"2022-07-18T22:23:51.060Z"}
{"level":"warn","message":"GET request for '/favicon.ico'","timestamp":"2022-07-18T22:35:32.708Z"}
{"level":"warn","message":"GET request for '/favicon.ico'","timestamp":"2022-07-18T22:35:34.417Z"}
{"level":"warn","message":"GET request for '/favicon.ico'","timestamp":"2022-07-18T22:35:36.677Z"}
{"level":"warn","message":"GET request for '/favicon.ico'","timestamp":"2022-07-18T22:35:38.087Z"}
{"level":"warn","message":"GET request for '/favicon.ico'","timestamp":"2022-07-18T22:35:43.469Z"}
{"level":"warn","message":"GET request for '/favicon.ico'","timestamp":"2022-07-23T14:40:36.053Z"}
{"level":"warn","message":"GET request for '/favicon.ico'","timestamp":"2022-07-23T14:40:40.292Z"}
{"level":"warn","message":"GET request for '/favicon.ico'","timestamp":"2022-07-23T14:40:41.399Z"}
{"level":"warn","message":"GET request for '/favicon.ico'","timestamp":"2022-07-23T14:40:45.212Z"}
{"level":"warn","message":"GET request for '/alt='","timestamp":"2022-07-23T14:46:02.242Z"}
{"level":"warn","message":"GET request for '/favicon.ico'","timestamp":"2022-07-23T14:46:02.599Z"}
{"level":"warn","message":"GET request for '/alt='","timestamp":"2022-07-23T14:46:50.751Z"}
{"level":"warn","message":"GET request for '/favicon.ico'","timestamp":"2022-07-23T14:46:50.818Z"}
{"level":"warn","message":"GET request for '/alt='","timestamp":"2022-07-23T14:47:02.531Z"}
{"level":"warn","message":"GET request for '/favicon.ico'","timestamp":"2022-07-23T14:47:02.597Z"}
{"level":"warn","message":"GET request for '/js/logout.js'","timestamp":"2022-07-23T14:47:14.750Z"}
{"level":"warn","message":"GET request for '/favicon.ico'","timestamp":"2022-07-23T14:47:14.816Z"}
{"level":"warn","message":"GET request for '/favicon.ico'","timestamp":"2022-07-23T14:47:16.487Z"}
{"level":"warn","message":"GET request for '/alt='","timestamp":"2022-07-23T14:47:21.210Z"}
{"level":"warn","message":"GET request for '/favicon.ico'","timestamp":"2022-07-23T14:47:21.273Z"}
{"level":"warn","message":"GET request for '/alt='","timestamp":"2022-07-23T14:48:33.459Z"}
{"level":"warn","message":"GET request for '/favicon.ico'","timestamp":"2022-07-23T14:48:33.806Z"}
{"level":"warn","message":"GET request for '/alt='","timestamp":"2022-07-23T14:48:35.673Z"}
{"level":"warn","message":"GET request for '/favicon.ico'","timestamp":"2022-07-23T14:48:35.738Z"}
{"level":"warn","message":"GET request for '/alt='","timestamp":"2022-07-23T14:50:24.923Z"}
{"level":"warn","message":"GET request for '/favicon.ico'","timestamp":"2022-07-23T14:50:25.018Z"}
{"level":"warn","message":"GET request for '/alt='","timestamp":"2022-07-23T14:50:48.050Z"}
{"level":"warn","message":"GET request for '/favicon.ico'","timestamp":"2022-07-23T14:50:48.378Z"}
{"level":"warn","message":"GET request for '/alt='","timestamp":"2022-07-23T14:52:01.535Z"}
{"level":"warn","message":"GET request for '/favicon.ico'","timestamp":"2022-07-23T14:52:01.879Z"}
{"level":"warn","message":"GET request for '/favicon.ico'","timestamp":"2022-07-23T14:52:44.650Z"}
{"level":"warn","message":"GET request for '/favicon.ico'","timestamp":"2022-07-23T14:53:13.742Z"}
{"level":"warn","message":"GET request for '/favicon.ico'","timestamp":"2022-07-23T14:53:59.142Z"}
{"level":"warn","message":"GET request for '/favicon.ico'","timestamp":"2022-08-27T22:38:04.147Z"}
{"level":"warn","message":"GET request for '/img/20200927_160027.jpg'","timestamp":"2022-08-27T22:38:08.356Z"}
{"level":"warn","message":"GET request for '/favicon.ico'","timestamp":"2022-08-27T22:38:09.468Z"}
{"level":"warn","message":"GET request for '/img/20200927_160027.jpg'","timestamp":"2022-08-27T22:38:56.989Z"}
{"level":"warn","message":"GET request for '/favicon.ico'","timestamp":"2022-08-27T22:38:57.966Z"}
{"level":"warn","message":"GET request for '/img/20200927_160027.jpg'","timestamp":"2022-08-27T22:40:47.133Z"}
{"level":"warn","message":"GET request for '/favicon.ico'","timestamp":"2022-08-27T22:40:48.076Z"}
{"level":"warn","message":"GET request for '/js/logout.js'","timestamp":"2022-08-27T22:41:21.119Z"}
{"level":"warn","message":"GET request for '/favicon.ico'","timestamp":"2022-08-27T22:41:21.182Z"}
{"level":"warn","message":"GET request for '/favicon.ico'","timestamp":"2022-08-27T22:41:21.864Z"}
{"level":"warn","message":"GET request for '/img/20200927_160027.jpg'","timestamp":"2022-08-27T22:41:24.904Z"}
{"level":"warn","message":"GET request for '/favicon.ico'","timestamp":"2022-08-27T22:41:25.679Z"}
{"level":"warn","message":"GET request for '/img/20200927_160027.jpg'","timestamp":"2022-08-27T22:41:54.237Z"}
{"level":"warn","message":"GET request for '/favicon.ico'","timestamp":"2022-08-27T22:41:55.187Z"}
{"level":"warn","message":"GET request for '/cart/css/style.css'","timestamp":"2022-08-27T22:42:02.034Z"}
{"level":"warn","message":"GET request for '/favicon.ico'","timestamp":"2022-08-27T22:42:02.709Z"}
