{"level":"error","timestamp":"2022-08-28T21:09:48.071Z"}
{"level":"error","timestamp":"2022-08-28T21:10:14.165Z"}
{"level":"error","timestamp":"2022-08-28T21:10:18.141Z"}
{"level":"error","timestamp":"2022-08-28T21:10:39.632Z"}
{"level":"error","timestamp":"2022-08-28T21:10:59.864Z"}
{"level":"error","timestamp":"2022-08-28T21:11:15.897Z"}
{"level":"error","timestamp":"2022-08-28T21:11:35.300Z"}
{"level":"error","timestamp":"2022-08-28T21:11:39.589Z"}
{"level":"error","timestamp":"2022-08-28T21:11:56.260Z"}
{"level":"error","timestamp":"2022-08-28T21:13:18.020Z"}
{"level":"error","timestamp":"2022-08-28T21:15:14.813Z"}
{"level":"error","timestamp":"2022-08-28T21:17:58.953Z"}
{"level":"error","timestamp":"2022-08-28T21:25:00.213Z"}
{"level":"error","timestamp":"2022-08-28T21:25:49.166Z"}
{"level":"error","timestamp":"2022-08-28T21:26:07.771Z"}
{"_original":{"password":"123","username":"asd"},"details":[{"context":{"invalids":["asd"],"key":"username","label":"username","value":"asd"},"message":"\"username\" must be a valid email","path":["username"],"type":"string.email"}],"level":"error","status":422,"timestamp":"2022-08-30T18:30:52.896Z"}
{"_original":{"password":"123","username":"asd"},"details":[{"context":{"invalids":["asd"],"key":"username","label":"username","value":"asd"},"message":"\"username\" must be a valid email","path":["username"],"type":"string.email"}],"level":"error","status":422,"timestamp":"2022-08-30T18:31:34.251Z"}
{"_original":{"password":"asd","username":"aasd"},"details":[{"context":{"invalids":["aasd"],"key":"username","label":"username","value":"aasd"},"message":"\"username\" must be a valid email","path":["username"],"type":"string.email"}],"level":"error","status":422,"timestamp":"2022-08-30T18:31:44.983Z"}
{"_original":{"password":"123","username":"asd"},"details":[{"context":{"invalids":["asd"],"key":"username","label":"username","value":"asd"},"message":"\"username\" must be a valid email","path":["username"],"type":"string.email"}],"level":"error","status":422,"timestamp":"2022-08-30T18:33:11.062Z"}
{"_original":{"password":"asd","username":"aasd"},"details":[{"context":{"invalids":["aasd"],"key":"username","label":"username","value":"aasd"},"message":"\"username\" must be a valid email","path":["username"],"type":"string.email"}],"level":"error","status":422,"timestamp":"2022-08-30T18:33:11.066Z"}
{"_original":{"password":"asd","username":"aasd"},"details":[{"context":{"invalids":["aasd"],"key":"username","label":"username","value":"aasd"},"message":"\"username\" must be a valid email","path":["username"],"type":"string.email"}],"level":"error","status":422,"timestamp":"2022-08-30T18:33:12.205Z"}
{"_original":{"password":"asd","username":"aasd"},"details":[{"context":{"invalids":["aasd"],"key":"username","label":"username","value":"aasd"},"message":"\"username\" must be a valid email","path":["username"],"type":"string.email"}],"level":"error","status":422,"timestamp":"2022-08-30T18:33:53.610Z"}
{"_original":{"password":"123","username":"asd"},"details":[{"context":{"invalids":["asd"],"key":"username","label":"username","value":"asd"},"message":"\"username\" must be a valid email","path":["username"],"type":"string.email"}],"level":"error","status":422,"timestamp":"2022-08-30T18:34:00.600Z"}
{"_original":{"password":"asd","username":"asd"},"details":[{"context":{"invalids":["asd"],"key":"username","label":"username","value":"asd"},"message":"\"username\" must be a valid email","path":["username"],"type":"string.email"}],"level":"error","status":422,"timestamp":"2022-08-30T18:34:20.232Z"}
{"_original":{"password":"123","username":"123"},"details":[{"context":{"invalids":["123"],"key":"username","label":"username","value":"123"},"message":"\"username\" must be a valid email","path":["username"],"type":"string.email"}],"level":"error","status":422,"timestamp":"2022-08-30T18:35:10.840Z"}
{"_original":{"password":"asd","username":"asd"},"details":[{"context":{"invalids":["asd"],"key":"username","label":"username","value":"asd"},"message":"\"username\" must be a valid email","path":["username"],"type":"string.email"}],"level":"error","status":422,"timestamp":"2022-08-30T18:35:22.790Z"}
{"_original":{"password":"asd","username":"asd"},"details":[{"context":{"invalids":["asd"],"key":"username","label":"username","value":"asd"},"message":"\"username\" must be a valid email","path":["username"],"type":"string.email"}],"level":"error","status":422,"timestamp":"2022-08-30T18:35:58.478Z"}
{"_original":{"password":"asd","username":"asd"},"details":[{"context":{"invalids":["asd"],"key":"username","label":"username","value":"asd"},"message":"\"username\" must be a valid email","path":["username"],"type":"string.email"}],"level":"error","status":422,"timestamp":"2022-08-30T18:36:15.635Z"}
{"level":"error","timestamp":"2022-08-30T19:10:39.203Z"}
{"level":"error","timestamp":"2022-08-30T19:10:58.460Z"}
{"level":"error","timestamp":"2022-08-30T19:11:19.913Z"}
{"level":"error","message":"{}","timestamp":"2022-08-30T19:11:36.209Z"}
{"level":"error","message":"{}","timestamp":"2022-08-30T19:13:12.998Z"}
{"level":"error","message":"{}","timestamp":"2022-08-30T20:24:37.055Z"}
{"level":"error","message":"{}","timestamp":"2022-08-30T20:25:08.977Z"}
{"level":"error","message":"{}","timestamp":"2022-08-30T20:29:07.697Z"}
{"level":"error","message":"{}","timestamp":"2022-08-30T20:46:52.716Z"}
{"level":"error","message":"{}","timestamp":"2022-08-30T20:47:24.901Z"}
{"level":"error","message":"{\"_original\":{\"username\":\"ASDA@ASD.COM\",\"password\":\"1\"},\"details\":[{\"message\":\"\\\"password\\\" length must be at least 2 characters long\",\"path\":[\"password\"],\"type\":\"string.min\",\"context\":{\"limit\":2,\"value\":\"1\",\"label\":\"password\",\"key\":\"password\"}}],\"status\":422}","timestamp":"2022-08-30T20:57:02.345Z"}
{"_original":{"direccion":"direccion","edad":"50","file":"C:\\fakepath\\20200927_152708.jpg","lastname":"apellidoTest","name":"test","numero":"12312312","password":"123","prefijo":"+54","username":"ASDA@ASD.COM"},"details":[{"context":{"child":"name","key":"name","label":"name","value":"test"},"message":"\"name\" is not allowed","path":["name"],"type":"object.unknown"}],"level":"error","timestamp":"2022-08-30T21:15:39.171Z"}
{"_original":{"direccion":"direccion","edad":"50","file":"C:\\fakepath\\20200927_152708.jpg","lastname":"apellidoTest","name":"test","numero":"12312312","password":"123","prefijo":"+54","username":"ASDA@ASD.COM"},"details":[{"context":{"child":"name","key":"name","label":"name","value":"test"},"message":"\"name\" is not allowed","path":["name"],"type":"object.unknown"}],"level":"error","timestamp":"2022-08-30T21:16:08.039Z"}
{"level":"error","timestamp":"2022-08-30T21:17:21.491Z"}
{"level":"error","timestamp":"2022-08-30T21:17:31.601Z"}
{"level":"error","timestamp":"2022-08-30T21:17:31.605Z"}
{"level":"error","timestamp":"2022-08-30T21:18:18.694Z"}
{"level":"error","timestamp":"2022-08-30T21:18:18.698Z"}
{"level":"error","timestamp":"2022-08-30T21:19:17.580Z"}
{"level":"error","timestamp":"2022-08-30T21:19:17.584Z"}
{"level":"error","timestamp":"2022-08-30T21:19:46.665Z"}
{"_message":"usuario validation failed","errors":{"direccion":{"kind":"required","message":"Path `direccion` is required.","name":"ValidatorError","path":"direccion","properties":{"message":"Path `direccion` is required.","path":"direccion","type":"required"}},"edad":{"kind":"required","message":"Path `edad` is required.","name":"ValidatorError","path":"edad","properties":{"message":"Path `edad` is required.","path":"edad","type":"required"}},"foto":{"kind":"required","message":"Path `foto` is required.","name":"ValidatorError","path":"foto","properties":{"message":"Path `foto` is required.","path":"foto","type":"required"}},"numero":{"kind":"required","message":"Path `numero` is required.","name":"ValidatorError","path":"numero","properties":{"message":"Path `numero` is required.","path":"numero","type":"required"}},"password":{"kind":"required","message":"Path `password` is required.","name":"ValidatorError","path":"password","properties":{"message":"Path `password` is required.","path":"password","type":"required"}},"prefijo":{"kind":"required","message":"Path `prefijo` is required.","name":"ValidatorError","path":"prefijo","properties":{"message":"Path `prefijo` is required.","path":"prefijo","type":"required"}},"username":{"kind":"required","message":"Path `username` is required.","name":"ValidatorError","path":"username","properties":{"message":"Path `username` is required.","path":"username","type":"required"}}},"level":"error","message":"usuario validation failed: username: Path `username` is required., direccion: Path `direccion` is required., edad: Path `edad` is required., prefijo: Path `prefijo` is required., numero: Path `numero` is required., foto: Path `foto` is required., password: Path `password` is required.","name":"ValidationError","timestamp":"2022-08-30T21:19:46.729Z"}
{"level":"error","timestamp":"2022-08-30T21:20:02.970Z"}
{"_message":"usuario validation failed","errors":{"direccion":{"kind":"required","message":"Path `direccion` is required.","name":"ValidatorError","path":"direccion","properties":{"message":"Path `direccion` is required.","path":"direccion","type":"required"}},"edad":{"kind":"required","message":"Path `edad` is required.","name":"ValidatorError","path":"edad","properties":{"message":"Path `edad` is required.","path":"edad","type":"required"}},"foto":{"kind":"required","message":"Path `foto` is required.","name":"ValidatorError","path":"foto","properties":{"message":"Path `foto` is required.","path":"foto","type":"required"}},"numero":{"kind":"required","message":"Path `numero` is required.","name":"ValidatorError","path":"numero","properties":{"message":"Path `numero` is required.","path":"numero","type":"required"}},"password":{"kind":"required","message":"Path `password` is required.","name":"ValidatorError","path":"password","properties":{"message":"Path `password` is required.","path":"password","type":"required"}},"prefijo":{"kind":"required","message":"Path `prefijo` is required.","name":"ValidatorError","path":"prefijo","properties":{"message":"Path `prefijo` is required.","path":"prefijo","type":"required"}},"username":{"kind":"required","message":"Path `username` is required.","name":"ValidatorError","path":"username","properties":{"message":"Path `username` is required.","path":"username","type":"required"}}},"level":"error","message":"usuario validation failed: username: Path `username` is required., direccion: Path `direccion` is required., edad: Path `edad` is required., prefijo: Path `prefijo` is required., numero: Path `numero` is required., foto: Path `foto` is required., password: Path `password` is required.","name":"ValidationError","timestamp":"2022-08-30T21:20:03.083Z"}
{"level":"error","timestamp":"2022-08-30T21:21:06.448Z"}
{"_message":"usuario validation failed","errors":{"direccion":{"kind":"required","message":"Path `direccion` is required.","name":"ValidatorError","path":"direccion","properties":{"message":"Path `direccion` is required.","path":"direccion","type":"required"}},"edad":{"kind":"required","message":"Path `edad` is required.","name":"ValidatorError","path":"edad","properties":{"message":"Path `edad` is required.","path":"edad","type":"required"}},"foto":{"kind":"required","message":"Path `foto` is required.","name":"ValidatorError","path":"foto","properties":{"message":"Path `foto` is required.","path":"foto","type":"required"}},"numero":{"kind":"required","message":"Path `numero` is required.","name":"ValidatorError","path":"numero","properties":{"message":"Path `numero` is required.","path":"numero","type":"required"}},"password":{"kind":"required","message":"Path `password` is required.","name":"ValidatorError","path":"password","properties":{"message":"Path `password` is required.","path":"password","type":"required"}},"prefijo":{"kind":"required","message":"Path `prefijo` is required.","name":"ValidatorError","path":"prefijo","properties":{"message":"Path `prefijo` is required.","path":"prefijo","type":"required"}}},"level":"error","message":"usuario validation failed: direccion: Path `direccion` is required., edad: Path `edad` is required., prefijo: Path `prefijo` is required., numero: Path `numero` is required., foto: Path `foto` is required., password: Path `password` is required.","name":"ValidationError","timestamp":"2022-08-30T21:21:06.551Z"}
{"level":"error","timestamp":"2022-08-30T21:22:27.494Z"}
{"_message":"usuario validation failed","errors":{"foto":{"kind":"required","message":"Path `foto` is required.","name":"ValidatorError","path":"foto","properties":{"message":"Path `foto` is required.","path":"foto","type":"required"}}},"level":"error","message":"usuario validation failed: foto: Path `foto` is required.","name":"ValidationError","timestamp":"2022-08-30T21:22:27.603Z"}
{"_message":"usuario validation failed","errors":{"foto":{"kind":"required","message":"Path `foto` is required.","name":"ValidatorError","path":"foto","properties":{"message":"Path `foto` is required.","path":"foto","type":"required"}},"password":{"kind":"required","message":"Path `password` is required.","name":"ValidatorError","path":"password","properties":{"message":"Path `password` is required.","path":"password","type":"required","value":""},"value":""}},"level":"error","message":"usuario validation failed: foto: Path `foto` is required., password: Path `password` is required.","name":"ValidationError","timestamp":"2022-08-30T21:22:48.327Z"}
{"_message":"usuario validation failed","errors":{"foto":{"kind":"required","message":"Path `foto` is required.","name":"ValidatorError","path":"foto","properties":{"message":"Path `foto` is required.","path":"foto","type":"required"}},"password":{"kind":"required","message":"Path `password` is required.","name":"ValidatorError","path":"password","properties":{"message":"Path `password` is required.","path":"password","type":"required","value":""},"value":""}},"level":"error","message":"usuario validation failed: foto: Path `foto` is required., password: Path `password` is required.","name":"ValidationError","timestamp":"2022-08-30T21:23:58.645Z"}
{"_message":"usuario validation failed","errors":{"foto":{"kind":"required","message":"Path `foto` is required.","name":"ValidatorError","path":"foto","properties":{"message":"Path `foto` is required.","path":"foto","type":"required"}},"password":{"kind":"required","message":"Path `password` is required.","name":"ValidatorError","path":"password","properties":{"message":"Path `password` is required.","path":"password","type":"required","value":""},"value":""}},"level":"error","message":"usuario validation failed: foto: Path `foto` is required., password: Path `password` is required.","name":"ValidationError","timestamp":"2022-08-30T21:24:42.258Z"}
{"_message":"usuario validation failed","errors":{"foto":{"kind":"required","message":"Path `foto` is required.","name":"ValidatorError","path":"foto","properties":{"message":"Path `foto` is required.","path":"foto","type":"required"}}},"level":"error","message":"usuario validation failed: foto: Path `foto` is required.","name":"ValidationError","timestamp":"2022-08-30T21:26:40.504Z"}
{"_message":"usuario validation failed","errors":{"foto":{"kind":"required","message":"Path `foto` is required.","name":"ValidatorError","path":"foto","properties":{"message":"Path `foto` is required.","path":"foto","type":"required"}}},"level":"error","message":"usuario validation failed: foto: Path `foto` is required.","name":"ValidationError","timestamp":"2022-08-30T21:27:00.472Z"}
{"_message":"usuario validation failed","errors":{"foto":{"kind":"required","message":"Path `foto` is required.","name":"ValidatorError","path":"foto","properties":{"message":"Path `foto` is required.","path":"foto","type":"required"}}},"level":"error","message":"usuario validation failed: foto: Path `foto` is required.","name":"ValidationError","timestamp":"2022-08-30T21:27:22.509Z"}
{"_message":"usuario validation failed","errors":{"foto":{"kind":"required","message":"Path `foto` is required.","name":"ValidatorError","path":"foto","properties":{"message":"Path `foto` is required.","path":"foto","type":"required"}}},"level":"error","message":"usuario validation failed: foto: Path `foto` is required.","name":"ValidationError","timestamp":"2022-08-30T21:27:42.327Z"}
{"_message":"usuario validation failed","errors":{"foto":{"kind":"required","message":"Path `foto` is required.","name":"ValidatorError","path":"foto","properties":{"message":"Path `foto` is required.","path":"foto","type":"required"}}},"level":"error","message":"usuario validation failed: foto: Path `foto` is required.","name":"ValidationError","timestamp":"2022-08-30T21:29:09.301Z"}
{"_message":"usuario validation failed","errors":{"foto":{"kind":"required","message":"Path `foto` is required.","name":"ValidatorError","path":"foto","properties":{"message":"Path `foto` is required.","path":"foto","type":"required"}},"password":{"kind":"required","message":"Path `password` is required.","name":"ValidatorError","path":"password","properties":{"message":"Path `password` is required.","path":"password","type":"required","value":""},"value":""}},"level":"error","message":"usuario validation failed: foto: Path `foto` is required., password: Path `password` is required.","name":"ValidationError","timestamp":"2022-08-30T21:29:51.453Z"}
{"_message":"usuario validation failed","errors":{"foto":{"kind":"required","message":"Path `foto` is required.","name":"ValidatorError","path":"foto","properties":{"message":"Path `foto` is required.","path":"foto","type":"required"}},"password":{"kind":"required","message":"Path `password` is required.","name":"ValidatorError","path":"password","properties":{"message":"Path `password` is required.","path":"password","type":"required","value":""},"value":""}},"level":"error","message":"usuario validation failed: foto: Path `foto` is required., password: Path `password` is required.","name":"ValidationError","timestamp":"2022-08-30T21:31:14.465Z"}
{"_message":"usuario validation failed","errors":{"foto":{"kind":"required","message":"Path `foto` is required.","name":"ValidatorError","path":"foto","properties":{"message":"Path `foto` is required.","path":"foto","type":"required"}},"password":{"kind":"required","message":"Path `password` is required.","name":"ValidatorError","path":"password","properties":{"message":"Path `password` is required.","path":"password","type":"required","value":""},"value":""}},"level":"error","message":"usuario validation failed: foto: Path `foto` is required., password: Path `password` is required.","name":"ValidationError","timestamp":"2022-08-30T21:31:29.242Z"}
{"_message":"usuario validation failed","errors":{"foto":{"kind":"required","message":"Path `foto` is required.","name":"ValidatorError","path":"foto","properties":{"message":"Path `foto` is required.","path":"foto","type":"required"}}},"level":"error","message":"usuario validation failed: foto: Path `foto` is required.","name":"ValidationError","timestamp":"2022-08-30T21:31:57.011Z"}
{"_message":"usuario validation failed","errors":{"foto":{"kind":"required","message":"Path `foto` is required.","name":"ValidatorError","path":"foto","properties":{"message":"Path `foto` is required.","path":"foto","type":"required"}}},"level":"error","message":"usuario validation failed: foto: Path `foto` is required.","name":"ValidationError","timestamp":"2022-08-30T21:32:15.071Z"}
{"_message":"usuario validation failed","errors":{"foto":{"kind":"required","message":"Path `foto` is required.","name":"ValidatorError","path":"foto","properties":{"message":"Path `foto` is required.","path":"foto","type":"required"}}},"level":"error","message":"usuario validation failed: foto: Path `foto` is required.","name":"ValidationError","timestamp":"2022-08-30T21:33:46.850Z"}
{"_message":"usuario validation failed","errors":{"foto":{"kind":"required","message":"Path `foto` is required.","name":"ValidatorError","path":"foto","properties":{"message":"Path `foto` is required.","path":"foto","type":"required"}}},"level":"error","message":"usuario validation failed: foto: Path `foto` is required.","name":"ValidationError","timestamp":"2022-08-30T21:34:52.023Z"}
{"_message":"usuario validation failed","errors":{"foto":{"kind":"required","message":"Path `foto` is required.","name":"ValidatorError","path":"foto","properties":{"message":"Path `foto` is required.","path":"foto","type":"required"}}},"level":"error","message":"usuario validation failed: foto: Path `foto` is required.","name":"ValidationError","timestamp":"2022-08-30T21:35:22.527Z"}
{"_message":"usuario validation failed","errors":{"foto":{"kind":"required","message":"Path `foto` is required.","name":"ValidatorError","path":"foto","properties":{"message":"Path `foto` is required.","path":"foto","type":"required"}}},"level":"error","message":"usuario validation failed: foto: Path `foto` is required.","name":"ValidationError","timestamp":"2022-08-30T21:40:32.715Z"}
{"code":11000,"index":0,"keyPattern":{"username":1},"keyValue":{"username":"ASDA@ASD.COM"},"level":"error","timestamp":"2022-08-30T21:41:53.381Z"}
{"code":11000,"index":0,"keyPattern":{"username":1},"keyValue":{"username":"ASDA@ASD.COM"},"level":"error","timestamp":"2022-08-30T21:42:14.995Z"}
{"code":11000,"index":0,"keyPattern":{"username":1},"keyValue":{"username":"ASDA@ASD.COM"},"level":"error","timestamp":"2022-08-30T21:43:13.085Z"}
{"code":11000,"index":0,"keyPattern":{"username":1},"keyValue":{"username":"ASDA@ASD.COM"},"level":"error","timestamp":"2022-08-30T21:43:30.898Z"}
{"code":11000,"index":0,"keyPattern":{"username":1},"keyValue":{"username":"ASDA@ASD.COM"},"level":"error","timestamp":"2022-08-30T21:43:59.686Z"}
{"_original":{"direccion":"direccion","edad":"50","file":"C:\\fakepath\\20200927_152708.jpg","lastname":"apellidoTest","name":"test","numero":"12312312","password":"123","prefijo":"+54","username":"ASDA1111@ASD.COM"},"details":[{"context":{"child":"name","key":"name","label":"name","value":"test"},"message":"\"name\" is not allowed","path":["name"],"type":"object.unknown"}],"level":"error","timestamp":"2022-08-30T21:49:41.329Z"}
{"_original":{"direccion":"direccion","edad":"50","file":"C:\\fakepath\\20200927_152708.jpg","lastname":"apellidoTest","name":"test","numero":"12312312","password":"123","prefijo":"+54","username":"ASDA11121@ASD.COM"},"details":[{"context":{"child":"name","key":"name","label":"name","value":"test"},"message":"\"name\" is not allowed","path":["name"],"type":"object.unknown"}],"level":"error","timestamp":"2022-08-30T21:49:48.545Z"}
{"_original":{"direccion":"direccion","edad":"50","file":"C:\\fakepath\\20200927_152708.jpg","lastname":"apellidoTest","name":"test","numero":"12312312","password":"123","prefijo":"+54","username":"ASDA11121@ASD.COM"},"details":[{"context":{"child":"name","key":"name","label":"name","value":"test"},"message":"\"name\" is not allowed","path":["name"],"type":"object.unknown"}],"level":"error","timestamp":"2022-08-30T21:50:15.458Z"}
{"_original":{"direccion":"direccion","edad":"50","file":"C:\\fakepath\\20200927_152708.jpg","lastname":"apellidoTest","name":"test","numero":"12312312","password":"123","prefijo":"+54","username":"ASDA11121@ASD.COM"},"details":[{"context":{"child":"name","key":"name","label":"name","value":"test"},"message":"\"name\" is not allowed","path":["name"],"type":"object.unknown"}],"level":"error","timestamp":"2022-08-30T21:52:23.403Z"}
{"level":"error","timestamp":"2022-08-30T22:31:39.406Z"}
{"level":"error","message":"{}","timestamp":"2022-08-30T22:31:39.407Z"}
{"level":"error","timestamp":"2022-08-30T22:32:02.322Z"}
{"level":"error","message":"{}","timestamp":"2022-08-30T22:32:02.323Z"}
{"level":"error","timestamp":"2022-08-30T22:33:17.644Z"}
{"level":"error","message":"{}","timestamp":"2022-08-30T22:33:17.645Z"}
{"level":"error","timestamp":"2022-08-30T22:34:26.268Z"}
{"level":"error","message":"{}","timestamp":"2022-08-30T22:34:26.270Z"}
{"level":"error","timestamp":"2022-08-30T22:34:35.216Z"}
{"level":"error","message":"{}","timestamp":"2022-08-30T22:34:35.217Z"}
{"level":"error","timestamp":"2022-08-30T23:04:42.463Z"}
{"_original":{"direccion":"direccion","edad":"50","file":"C:\\fakepath\\20200927_152708.jpg","lastname":"apellidoTest","name":"test","numero":"12312312","password":"123","prefijo":"+54","username":"everda75@gmail.comasdasd"},"details":[{"context":{"invalids":["everda75@gmail.comasdasd"],"key":"username","label":"username","value":"everda75@gmail.comasdasd"},"message":"\"username\" must be a valid email","path":["username"],"type":"string.email"}],"level":"error","timestamp":"2022-08-30T23:12:14.354Z"}
{"level":"error","message":"{\"_original\":{\"username\":\"ASDA@ASD.COM1\",\"password\":\"123\"},\"details\":[{\"message\":\"\\\"username\\\" must be a valid email\",\"path\":[\"username\"],\"type\":\"string.email\",\"context\":{\"value\":\"asda@asd.com1\",\"invalids\":[\"asda@asd.com1\"],\"label\":\"username\",\"key\":\"username\"}}],\"status\":422}","timestamp":"2022-08-31T22:11:10.314Z"}
{"level":"error","message":"{\"_original\":{\"username\":\"ASDA@ASD.COM1\",\"password\":\"123\"},\"details\":[{\"message\":\"\\\"username\\\" must be a valid email\",\"path\":[\"username\"],\"type\":\"string.email\",\"context\":{\"value\":\"asda@asd.com1\",\"invalids\":[\"asda@asd.com1\"],\"label\":\"username\",\"key\":\"username\"}}],\"status\":422}","timestamp":"2022-08-31T22:12:10.896Z"}
{"level":"error","timestamp":"2022-08-31T22:12:35.686Z"}
{"level":"error","timestamp":"2022-08-31T22:22:30.584Z"}
{"level":"error","timestamp":"2022-08-31T22:22:30.587Z"}
{"level":"error","timestamp":"2022-08-31T22:22:52.437Z"}
{"level":"error","timestamp":"2022-08-31T22:22:52.441Z"}
{"level":"error","timestamp":"2022-08-31T22:23:01.513Z"}
{"level":"error","timestamp":"2022-08-31T22:23:01.515Z"}
{"level":"error","timestamp":"2022-08-31T22:23:34.697Z"}
{"level":"error","timestamp":"2022-08-31T22:23:34.702Z"}
{"level":"error","timestamp":"2022-08-31T22:23:52.458Z"}
{"level":"error","timestamp":"2022-08-31T22:23:52.461Z"}
{"level":"error","timestamp":"2022-08-31T22:24:51.133Z"}
{"level":"error","timestamp":"2022-08-31T22:24:51.136Z"}
{"level":"error","timestamp":"2022-08-31T22:25:21.990Z"}
{"level":"error","timestamp":"2022-08-31T22:25:21.993Z"}
{"level":"error","timestamp":"2022-08-31T22:26:10.306Z"}
{"level":"error","timestamp":"2022-08-31T22:26:10.308Z"}
{"level":"error","timestamp":"2022-08-31T22:26:49.132Z"}
{"level":"error","timestamp":"2022-08-31T22:26:49.134Z"}
{"level":"error","timestamp":"2022-08-31T22:36:33.243Z"}
{"level":"error","message":"{}","timestamp":"2022-08-31T22:36:33.244Z"}
{"level":"error","message":"{}","timestamp":"2022-08-31T22:38:55.799Z"}
{"level":"error","message":"{}","timestamp":"2022-08-31T22:39:59.270Z"}
