{"level":"warn","message":"hola"}
{"level":"warn","message":"GET request for '/' - {}"}
{"level":"warn","message":"GET request for '/' - {}"}
{"level":"warn","message":"GET request for '/' - {}"}
{"level":"warn","message":"GET request for '/' - {}"}
{"level":"warn","message":"GET request for '/' - {}"}
{"level":"warn","message":"GET request for '/' - {}"}
{"level":"warn","message":"GET request for '/' - {}"}
{"level":"warn","message":"GET request for '/home/123123' - {}"}
{"level":"warn","message":"GET request for '/home/123123'"}
{"level":"warn","message":"GET request for '/homeasdasd'","timestamp":"2022-06-25T15:30:57.719Z"}
{"level":"warn","message":"GET request for '/js/logout.js'","timestamp":"2022-06-25T15:37:07.941Z"}
{"level":"warn","message":"GET request for '/favicon.ico'","timestamp":"2022-06-27T16:45:43.239Z"}
{"level":"warn","message":"GET request for '/favicon.ico'","timestamp":"2022-06-27T16:45:52.297Z"}
{"level":"warn","message":"GET request for '/favicon.ico'","timestamp":"2022-06-27T16:47:15.494Z"}
{"level":"warn","message":"GET request for '/favicon.ico'","timestamp":"2022-06-27T16:47:19.964Z"}
{"level":"warn","message":"GET request for '/favicon.ico'","timestamp":"2022-06-27T16:47:24.068Z"}
{"level":"warn","message":"GET request for '/favicon.ico'","timestamp":"2022-06-27T16:47:42.939Z"}
{"level":"warn","message":"GET request for '/favicon.ico'","timestamp":"2022-06-27T16:47:44.058Z"}
{"level":"warn","message":"GET request for '/favicon.ico'","timestamp":"2022-06-27T16:47:45.162Z"}
{"level":"warn","message":"GET request for '/favicon.ico'","timestamp":"2022-06-27T16:47:45.662Z"}
{"level":"warn","message":"GET request for '/favicon.ico'","timestamp":"2022-06-27T16:47:47.109Z"}
{"level":"warn","message":"GET request for '/favicon.ico'","timestamp":"2022-06-27T16:47:47.287Z"}
{"level":"warn","message":"GET request for '/favicon.ico'","timestamp":"2022-06-27T16:47:47.473Z"}
{"level":"warn","message":"GET request for '/favicon.ico'","timestamp":"2022-06-27T16:47:47.635Z"}
{"level":"warn","message":"GET request for '/favicon.ico'","timestamp":"2022-06-27T17:00:31.281Z"}
{"level":"warn","message":"GET request for '/favicon.ico'","timestamp":"2022-06-27T17:03:47.278Z"}
{"level":"warn","message":"GET request for '/favicon.ico'","timestamp":"2022-06-27T17:03:49.736Z"}
{"level":"warn","message":"GET request for '/favicon.ico'","timestamp":"2022-06-27T22:03:53.601Z"}
{"level":"warn","message":"GET request for '/favicon.ico'","timestamp":"2022-06-27T22:04:01.465Z"}
{"level":"warn","message":"GET request for '/favicon.ico'","timestamp":"2022-06-27T22:04:16.711Z"}
{"level":"warn","message":"GET request for '/favicon.ico'","timestamp":"2022-06-27T22:04:19.685Z"}
{"level":"warn","message":"GET request for '/favicon.ico'","timestamp":"2022-06-27T22:04:24.455Z"}
{"level":"warn","message":"GET request for '/favicon.ico'","timestamp":"2022-06-27T22:04:24.870Z"}
{"level":"warn","message":"GET request for '/favicon.ico'","timestamp":"2022-06-27T22:07:15.312Z"}
{"level":"warn","message":"GET request for '/favicon.ico'","timestamp":"2022-06-27T22:07:18.672Z"}
