{"level":"warn","message":"hola"}
{"level":"warn","message":"GET request for '/' - {}"}
{"level":"warn","message":"GET request for '/' - {}"}
{"level":"warn","message":"GET request for '/' - {}"}
{"level":"warn","message":"GET request for '/' - {}"}
{"level":"warn","message":"GET request for '/' - {}"}
{"level":"warn","message":"GET request for '/' - {}"}
{"level":"warn","message":"GET request for '/' - {}"}
{"level":"warn","message":"GET request for '/home/123123' - {}"}
{"level":"warn","message":"GET request for '/home/123123'"}
{"level":"warn","message":"GET request for '/homeasdasd'","timestamp":"2022-06-25T15:30:57.719Z"}
{"level":"warn","message":"GET request for '/js/logout.js'","timestamp":"2022-06-25T15:37:07.941Z"}
{"level":"warn","message":"GET request for '/favicon.ico'","timestamp":"2022-06-27T16:45:43.239Z"}
{"level":"warn","message":"GET request for '/favicon.ico'","timestamp":"2022-06-27T16:45:52.297Z"}
{"level":"warn","message":"GET request for '/favicon.ico'","timestamp":"2022-06-27T16:47:15.494Z"}
{"level":"warn","message":"GET request for '/favicon.ico'","timestamp":"2022-06-27T16:47:19.964Z"}
{"level":"warn","message":"GET request for '/favicon.ico'","timestamp":"2022-06-27T16:47:24.068Z"}
{"level":"warn","message":"GET request for '/favicon.ico'","timestamp":"2022-06-27T16:47:42.939Z"}
{"level":"warn","message":"GET request for '/favicon.ico'","timestamp":"2022-06-27T16:47:44.058Z"}
{"level":"warn","message":"GET request for '/favicon.ico'","timestamp":"2022-06-27T16:47:45.162Z"}
{"level":"warn","message":"GET request for '/favicon.ico'","timestamp":"2022-06-27T16:47:45.662Z"}
{"level":"warn","message":"GET request for '/favicon.ico'","timestamp":"2022-06-27T16:47:47.109Z"}
{"level":"warn","message":"GET request for '/favicon.ico'","timestamp":"2022-06-27T16:47:47.287Z"}
{"level":"warn","message":"GET request for '/favicon.ico'","timestamp":"2022-06-27T16:47:47.473Z"}
{"level":"warn","message":"GET request for '/favicon.ico'","timestamp":"2022-06-27T16:47:47.635Z"}
{"level":"warn","message":"GET request for '/favicon.ico'","timestamp":"2022-06-27T17:00:31.281Z"}
{"level":"warn","message":"GET request for '/favicon.ico'","timestamp":"2022-06-27T17:03:47.278Z"}
{"level":"warn","message":"GET request for '/favicon.ico'","timestamp":"2022-06-27T17:03:49.736Z"}
{"level":"warn","message":"GET request for '/favicon.ico'","timestamp":"2022-06-27T22:03:53.601Z"}
{"level":"warn","message":"GET request for '/favicon.ico'","timestamp":"2022-06-27T22:04:01.465Z"}
{"level":"warn","message":"GET request for '/favicon.ico'","timestamp":"2022-06-27T22:04:16.711Z"}
{"level":"warn","message":"GET request for '/favicon.ico'","timestamp":"2022-06-27T22:04:19.685Z"}
{"level":"warn","message":"GET request for '/favicon.ico'","timestamp":"2022-06-27T22:04:24.455Z"}
{"level":"warn","message":"GET request for '/favicon.ico'","timestamp":"2022-06-27T22:04:24.870Z"}
{"level":"warn","message":"GET request for '/favicon.ico'","timestamp":"2022-06-27T22:07:15.312Z"}
{"level":"warn","message":"GET request for '/favicon.ico'","timestamp":"2022-06-27T22:07:18.672Z"}
{"level":"warn","message":"GET request for '/favicon.ico'","timestamp":"2022-06-28T22:03:04.402Z"}
{"level":"warn","message":"GET request for '/favicon.ico'","timestamp":"2022-06-28T22:03:05.817Z"}
{"level":"warn","message":"GET request for '/favicon.ico'","timestamp":"2022-06-28T22:03:06.076Z"}
{"level":"warn","message":"GET request for '/favicon.ico'","timestamp":"2022-06-28T22:03:06.292Z"}
{"level":"warn","message":"GET request for '/favicon.ico'","timestamp":"2022-06-28T22:03:06.468Z"}
{"level":"warn","message":"GET request for '/favicon.ico'","timestamp":"2022-06-28T22:03:06.628Z"}
{"level":"warn","message":"GET request for '/favicon.ico'","timestamp":"2022-06-28T22:03:06.800Z"}
{"level":"warn","message":"GET request for '/favicon.ico'","timestamp":"2022-06-28T22:03:06.985Z"}
{"level":"warn","message":"GET request for '/favicon.ico'","timestamp":"2022-06-28T22:03:07.176Z"}
{"level":"warn","message":"GET request for '/favicon.ico'","timestamp":"2022-06-28T22:03:07.328Z"}
{"level":"warn","message":"GET request for '/favicon.ico'","timestamp":"2022-06-28T22:03:07.504Z"}
{"level":"warn","message":"GET request for '/favicon.ico'","timestamp":"2022-06-28T22:03:07.687Z"}
{"level":"warn","message":"GET request for '/favicon.ico'","timestamp":"2022-06-28T22:03:07.816Z"}
